#
# A fatal error has been detected by the Java Runtime Environment:
#
#  EXCEPTION_ACCESS_VIOLATION (0xc0000005) at pc=0x00007ff865df63b7, pid=20972, tid=19352
#
# JRE version: OpenJDK Runtime Environment (21.0.2+13) (build 21.0.2+13-58)
# Java VM: OpenJDK 64-Bit Server VM (21.0.2+13-58, mixed mode, sharing, tiered, compressed oops, compressed class ptrs, g1 gc, windows-amd64)
# Problematic frame:
# C  [glass.dll+0x263b7]
#
# No core dump will be written. Minidumps are not enabled by default on client versions of Windows
#
# If you would like to submit a bug report, please visit:
#   https://bugreport.java.com/bugreport/crash.jsp
#

---------------  S U M M A R Y ------------

Command Line: -agentlib:jdwp=transport=dt_socket,address=127.0.0.1:52044,suspend=y,server=n -javaagent:C:\Users\josant\AppData\Local\JetBrains\IntelliJIdea2023.3\captureAgent\debugger-agent.jar -Dfile.encoding=UTF-8 -Dsun.stdout.encoding=UTF-8 -Dsun.stderr.encoding=UTF-8 --module-path=C:\Users\josant\IdeaProjects\PixelStore2\target\classes;C:\Users\josant\.m2\repository\com\sun\activation\jakarta.activation\2.0.1\jakarta.activation-2.0.1.jar;C:\Users\josant\.m2\repository\org\glassfish\jaxb\jaxb-core\3.0.1\jaxb-core-3.0.1.jar;C:\Users\josant\.m2\repository\org\openjfx\javafx-fxml\19\javafx-fxml-19-win.jar;C:\Users\josant\.m2\repository\org\glassfish\jaxb\txw2\3.0.1\txw2-3.0.1.jar;C:\Users\josant\.m2\repository\org\openjfx\javafx-graphics\19\javafx-graphics-19-win.jar;C:\Users\josant\.m2\repository\com\sun\istack\istack-commons-runtime\4.0.1\istack-commons-runtime-4.0.1.jar;C:\Users\josant\.m2\repository\jakarta\xml\bind\jakarta.xml.bind-api\3.0.1\jakarta.xml.bind-api-3.0.1.jar;C:\Users\josant\.m2\repository\org\openjfx\javafx-controls\19\javafx-controls-19-win.jar;C:\Users\josant\.m2\repository\org\openjfx\javafx-base\19\javafx-base-19-win.jar;C:\Users\josant\.m2\repository\org\glassfish\jaxb\jaxb-runtime\3.0.1\jaxb-runtime-3.0.1.jar -Djdk.module.main=org.example org.example/org.example.App

Host: 12th Gen Intel(R) Core(TM) i5-1235U, 12 cores, 15G,  Windows 11 , 64 bit Build 22621 (10.0.22621.4391)
Time: Fri Nov 29 10:25:16 2024 Hora estándar romance elapsed time: 136.690000 seconds (0d 0h 2m 16s)

---------------  T H R E A D  ---------------

Current thread (0x000001dde233af90):  VMThread "VM Thread"          [id=19352, stack(0x0000007f65c00000,0x0000007f65d00000) (1024K)]

Stack: [0x0000007f65c00000,0x0000007f65d00000],  sp=0x0000007f65cff0a0,  free space=1020k
Native frames: (J=compiled Java code, j=interpreted, Vv=VM code, C=native code)
C  [glass.dll+0x263b7]


siginfo: EXCEPTION_ACCESS_VIOLATION (0xc0000005), reading address 0x0000000000000000


Registers:
RAX=0x0000000000000000, RBX=0x000001de2894ad82, RCX=0x000001dde233af90, RDX=0x0000007f65cff0a0
RSP=0x0000007f65cff0a0, RBP=0x000001de299c77c8, RSI=0x0000007f65cff1a8, RDI=0x000001de299c77a0
R8 =0x0000000000010002, R9 =0x000001de299c77a0, R10=0x85f13e9656da4870, R11=0x0000007f65cff030
R12=0x00007ff865df3cf0, R13=0x00007ff820ef4720, R14=0x000064d048f9d734, R15=0x000001de299c77a0
RIP=0x00007ff865df63b7, EFLAGS=0x0000000000010202


Register to memory mapping:

RAX=0x0 is null
RBX=0x000001de2894ad82 is a global jni handle
RCX=0x000001dde233af90 points into unknown readable memory: 0x00007ff820d06038 | 38 60 d0 20 f8 7f 00 00
RDX=0x0000007f65cff0a0 points into unknown readable memory: 0x0000000000000000 | 00 00 00 00 00 00 00 00
RSP=0x0000007f65cff0a0 points into unknown readable memory: 0x0000000000000000 | 00 00 00 00 00 00 00 00
RBP=0x000001de299c77c8 points into unknown readable memory: 0x000064d048f9d734 | 34 d7 f9 48 d0 64 00 00
RSI=0x0000007f65cff1a8 points into unknown readable memory: 0x0000007f65cff190 | 90 f1 cf 65 7f 00 00 00
RDI=0x000001de299c77a0 points into unknown readable memory: 0x808064d7b77f8ac7 | c7 8a 7f b7 d7 64 80 80
R8 =0x0000000000010002 is an unknown value
R9 =0x000001de299c77a0 points into unknown readable memory: 0x808064d7b77f8ac7 | c7 8a 7f b7 d7 64 80 80
R10=0x85f13e9656da4870 is an unknown value
R11=0x0000007f65cff030 points into unknown readable memory: 0x000001de299c77a0 | a0 77 9c 29 de 01 00 00
R12=0x00007ff865df3cf0 glass.dll
R13=0x00007ff820ef4720 jvm.dll
R14=0x000064d048f9d734 is an unknown value
R15=0x000001de299c77a0 points into unknown readable memory: 0x808064d7b77f8ac7 | c7 8a 7f b7 d7 64 80 80

Top of Stack: (sp=0x0000007f65cff0a0)
0x0000007f65cff0a0:   0000000000000000 0000007f65cff1a8
0x0000007f65cff0b0:   00007ff820ef4720 00007ff865df3cf0
0x0000007f65cff0c0:   000001de299c77a8 00007ff885af3a93
0x0000007f65cff0d0:   000001de299c77a0 000001de00000000
0x0000007f65cff0e0:   000001de299c77c8 0000007f65cff1a8
0x0000007f65cff0f0:   fffffffffffffffe 0000000000000000
0x0000007f65cff100:   0000000000000001 00007ff865dd0000
0x0000007f65cff110:   0000007f65cff198 00007ff885ac042e
0x0000007f65cff120:   0000000000000000 0000007f65cff1a8
0x0000007f65cff130:   0000007f65cff490 0000000000000001
0x0000007f65cff140:   0000000000000001 00007ff885abdddd
0x0000007f65cff150:   0000000000000000 00007ff865df34e9
0x0000007f65cff160:   00007ff882035ef0 0000007f65cff198
0x0000007f65cff170:   fffffffffffffffe 0000007f65cff160
0x0000007f65cff180:   0000000000000000 00007ff865df3b7d
0x0000007f65cff190:   00007ff865e09f88 00007ff800000002
0x0000007f65cff1a0:   0000000000000002 0000007f65cff190
0x0000007f65cff1b0:   0000000000000000 00007ff887fb8af3
0x0000007f65cff1c0:   0000000000000000 00007ff865df3ca2
0x0000007f65cff1d0:   0000000000000001 0000007f65cff490
0x0000007f65cff1e0:   0000000000000001 0000000000000000
0x0000007f65cff1f0:   00007ff886e60000 00007ff884a32223
0x0000007f65cff200:   00007ff800000001 0000000000000000
0x0000007f65cff210:   00007ff865dd0000 000000007ffe0384
0x0000007f65cff220:   0000000000000000 00007ff887fb8b8f
0x0000007f65cff230:   00007ff865dd0000 0000000000000000
0x0000007f65cff240:   0000000000000001 000000007ffe0385
0x0000007f65cff250:   00007ff8880c7940 00007ff86b6e1550
0x0000007f65cff260:   0000e9fe0b36c300 00007ff86b630000
0x0000007f65cff270:   00007ff865df3cf0 0000000000000000
0x0000007f65cff280:   0000000000000000 0000007f65008000
0x0000007f65cff290:   000001de29ab2790 00007ff887fe1596 

Instructions: (pc=0x00007ff865df63b7)
0x00007ff865df62b7:   8b 4d 58 e8 7d cf ff ff 48 8b 4d 60 e8 74 cf ff
0x00007ff865df62c7:   ff 48 8b 95 80 00 00 00 48 8b 8d 18 01 00 00 e8
0x00007ff865df62d7:   66 c4 ff ff 33 d2 33 c9 e8 bc e1 ff ff 90 48 89
0x00007ff865df62e7:   54 24 10 55 48 83 ec 20 48 8b ea 48 b8 00 00 00
0x00007ff865df62f7:   00 00 00 00 00 48 83 c4 20 5d c3 cc 40 55 48 8b
0x00007ff865df6307:   ea 48 8b 01 33 c9 81 38 05 00 00 c0 0f 94 c1 8b
0x00007ff865df6317:   c1 5d c3 cc 40 55 48 83 ec 20 48 8b ea 8a 4d 40
0x00007ff865df6327:   48 83 c4 20 5d e9 63 d3 ff ff cc 40 55 48 83 ec
0x00007ff865df6337:   20 48 8b ea 8a 4d 20 e8 51 d3 ff ff 90 48 83 c4
0x00007ff865df6347:   20 5d c3 cc 40 55 48 83 ec 20 48 8b ea 48 83 c4
0x00007ff865df6357:   20 5d e9 b2 d1 ff ff cc 40 55 48 83 ec 30 48 8b
0x00007ff865df6367:   ea 48 8b 01 8b 10 48 89 4c 24 28 89 54 24 20 4c
0x00007ff865df6377:   8d 0d 53 d6 ff ff 4c 8b 45 70 8b 55 68 48 8b 4d
0x00007ff865df6387:   60 e8 f3 d0 ff ff 90 48 83 c4 30 5d c3 cc cc cc
0x00007ff865df6397:   cc cc cc cc cc cc cc cc cc 40 53 48 83 ec 20 48
0x00007ff865df63a7:   8b 1d db 35 01 00 48 85 db 74 16 e8 79 8b ff ff
0x00007ff865df63b7:   4c 8b 00 48 8b d3 48 8b c8 41 ff 90 b0 00 00 00
0x00007ff865df63c7:   90 48 83 c4 20 5b c3 cc cc 40 53 48 83 ec 20 48
0x00007ff865df63d7:   8b 1d 4b 37 01 00 48 85 db 74 57 b8 ff ff ff ff
0x00007ff865df63e7:   f0 0f c1 43 10 83 f8 01 75 3d 48 85 db 74 38 48
0x00007ff865df63f7:   8b 0b 48 85 c9 74 0d ff 15 a4 0e 00 00 48 c7 03
0x00007ff865df6407:   00 00 00 00 48 8b 4b 08 48 85 c9 74 0d e8 23 ce
0x00007ff865df6417:   ff ff 48 c7 43 08 00 00 00 00 ba 18 00 00 00 48
0x00007ff865df6427:   8b cb e8 0e ce ff ff 48 c7 05 ef 36 01 00 00 00
0x00007ff865df6437:   00 00 48 83 c4 20 5b c3 cc 40 53 48 83 ec 20 48
0x00007ff865df6447:   8b 1d bb 36 01 00 48 85 db 74 57 b8 ff ff ff ff
0x00007ff865df6457:   f0 0f c1 43 10 83 f8 01 75 3d 48 85 db 74 38 48
0x00007ff865df6467:   8b 0b 48 85 c9 74 0d ff 15 34 0e 00 00 48 c7 03
0x00007ff865df6477:   00 00 00 00 48 8b 4b 08 48 85 c9 74 0d e8 b3 cd
0x00007ff865df6487:   ff ff 48 c7 43 08 00 00 00 00 ba 18 00 00 00 48
0x00007ff865df6497:   8b cb e8 9e cd ff ff 48 c7 05 5f 36 01 00 00 00
0x00007ff865df64a7:   00 00 48 83 c4 20 5b c3 cc 40 53 48 83 ec 20 48 


Stack slot to memory mapping:

stack at sp + 0 slots: 0x0 is null
stack at sp + 1 slots: 0x0000007f65cff1a8 points into unknown readable memory: 0x0000007f65cff190 | 90 f1 cf 65 7f 00 00 00
stack at sp + 2 slots: 0x00007ff820ef4720 jvm.dll
stack at sp + 3 slots: 0x00007ff865df3cf0 glass.dll
stack at sp + 4 slots: 0x000001de299c77a8 points into unknown readable memory: 0x000064d048f9d734 | 34 d7 f9 48 d0 64 00 00
stack at sp + 5 slots: 0x00007ff885af3a93 ucrtbase.dll
stack at sp + 6 slots: 0x000001de299c77a0 points into unknown readable memory: 0x808064d7b77f8ac7 | c7 8a 7f b7 d7 64 80 80
stack at sp + 7 slots: 0x000001de00000000 is an unknown value

VM_Operation (0x0000007f652fed10): Exit, mode: safepoint, requested by thread 0x000001de28681ac0


---------------  P R O C E S S  ---------------

Threads class SMR info:
_java_thread_list=0x000001de32ad5da0, length=20, elements={
0x000001ddc0bb5140, 0x000001dde2357b60, 0x000001dde2358880, 0x000001dde235b4a0,
0x000001dde235e3a0, 0x000001dde2366f40, 0x000001dde238b440, 0x000001dde238e020,
0x000001dde25f7c70, 0x000001de287f70c0, 0x000001de282970a0, 0x000001dde27030d0,
0x000001de29ab67a0, 0x000001de28b19bd0, 0x000001de29ddc430, 0x000001de29dcf0b0,
0x000001de2a4e9700, 0x000001de2a4ea420, 0x000001de2a4e9d90, 0x000001de28681ac0
}

Java Threads: ( => current thread )
  0x000001ddc0bb5140 JavaThread "main"                              [_thread_blocked, id=7448, stack(0x0000007f65500000,0x0000007f65600000) (1024K)]
  0x000001dde2357b60 JavaThread "Reference Handler"          daemon [_thread_blocked, id=14968, stack(0x0000007f65d00000,0x0000007f65e00000) (1024K)]
  0x000001dde2358880 JavaThread "Finalizer"                  daemon [_thread_blocked, id=8952, stack(0x0000007f65e00000,0x0000007f65f00000) (1024K)]
  0x000001dde235b4a0 JavaThread "Attach Listener"            daemon [_thread_blocked, id=10192, stack(0x0000007f66000000,0x0000007f66100000) (1024K)]
  0x000001dde235e3a0 JavaThread "Service Thread"             daemon [_thread_blocked, id=20868, stack(0x0000007f66100000,0x0000007f66200000) (1024K)]
  0x000001dde2366f40 JavaThread "Monitor Deflation Thread"   daemon [_thread_blocked, id=10112, stack(0x0000007f66200000,0x0000007f66300000) (1024K)]
  0x000001dde238b440 JavaThread "C2 CompilerThread0"         daemon [_thread_blocked, id=9488, stack(0x0000007f66300000,0x0000007f66400000) (1024K)]
  0x000001dde238e020 JavaThread "C1 CompilerThread0"         daemon [_thread_blocked, id=22252, stack(0x0000007f66400000,0x0000007f66500000) (1024K)]
  0x000001dde25f7c70 JavaThread "Common-Cleaner"             daemon [_thread_blocked, id=7880, stack(0x0000007f66500000,0x0000007f66600000) (1024K)]
  0x000001de287f70c0 JavaThread "JDWP Event Helper Thread"   daemon [_thread_blocked, id=22820, stack(0x0000007f66900000,0x0000007f66a00000) (1024K)]
  0x000001de282970a0 JavaThread "Notification Thread"        daemon [_thread_blocked, id=19708, stack(0x0000007f66b00000,0x0000007f66c00000) (1024K)]
  0x000001dde27030d0 JavaThread "QuantumRenderer-0"          daemon [_thread_blocked, id=24104, stack(0x0000007f66c00000,0x0000007f66d00000) (1024K)]
  0x000001de29ab67a0 JavaThread "InvokeLaterDispatcher"      daemon [_thread_blocked, id=12032, stack(0x0000007f66600000,0x0000007f66700000) (1024K)]
  0x000001de28b19bd0 JavaThread "JavaFX Application Thread"         [_thread_blocked, id=9368, stack(0x0000007f66700000,0x0000007f66800000) (1024K)]
  0x000001de29ddc430 JavaThread "Thread-1"                   daemon [_thread_in_native, id=16872, stack(0x0000007f67b00000,0x0000007f67c00000) (1024K)]
  0x000001de29dcf0b0 JavaThread "JavaFX-Launcher"                   [_thread_blocked, id=15368, stack(0x0000007f67c00000,0x0000007f67d00000) (1024K)]
  0x000001de2a4e9700 JavaThread "Prism Font Disposer"        daemon [_thread_blocked, id=15540, stack(0x0000007f68200000,0x0000007f68300000) (1024K)]
  0x000001de2a4ea420 JavaThread "Cleaner-0"                  daemon [_thread_blocked, id=4232, stack(0x0000007f68300000,0x0000007f68400000) (1024K)]
  0x000001de2a4e9d90 JavaThread "mysql-cj-abandoned-connection-cleanup" daemon [_thread_blocked, id=1180, stack(0x0000007f68600000,0x0000007f68700000) (1024K)]
  0x000001de28681ac0 JavaThread "SIGINT handler"             daemon [_thread_blocked, id=18648, stack(0x0000007f65200000,0x0000007f65300000) (1024K)]
Total: 20

Other Threads:
=>0x000001dde233af90 VMThread "VM Thread"                           [id=19352, stack(0x0000007f65c00000,0x0000007f65d00000) (1024K)]
  0x000001ddc2f26d20 WorkerThread "GC Thread#0"                     [id=24888, stack(0x0000007f65600000,0x0000007f65700000) (1024K)]
  0x000001de29c3ce20 WorkerThread "GC Thread#1"                     [id=15164, stack(0x0000007f67200000,0x0000007f67300000) (1024K)]
  0x000001de29c3d9e0 WorkerThread "GC Thread#2"                     [id=21620, stack(0x0000007f67300000,0x0000007f67400000) (1024K)]
  0x000001de29c3dd80 WorkerThread "GC Thread#3"                     [id=21432, stack(0x0000007f67400000,0x0000007f67500000) (1024K)]
  0x000001de29c3e530 WorkerThread "GC Thread#4"                     [id=17776, stack(0x0000007f67500000,0x0000007f67600000) (1024K)]
  0x000001de29c3e8d0 WorkerThread "GC Thread#5"                     [id=3104, stack(0x0000007f67600000,0x0000007f67700000) (1024K)]
  0x000001de29cebe30 WorkerThread "GC Thread#6"                     [id=25540, stack(0x0000007f67700000,0x0000007f67800000) (1024K)]
  0x000001de29ced790 WorkerThread "GC Thread#7"                     [id=1656, stack(0x0000007f67800000,0x0000007f67900000) (1024K)]
  0x000001de29cec910 WorkerThread "GC Thread#8"                     [id=368, stack(0x0000007f67900000,0x0000007f67a00000) (1024K)]
  0x000001de29ced3f0 WorkerThread "GC Thread#9"                     [id=11084, stack(0x0000007f67a00000,0x0000007f67b00000) (1024K)]
  0x000001ddc2f37810 ConcurrentGCThread "G1 Main Marker"            terminated
  0x000001ddc2f384d0 WorkerThread "G1 Conc#0"                       [id=25796, stack(0x0000007f65800000,0x0000007f65900000) (1024K)]
  0x000001de2a5d9fb0 WorkerThread "G1 Conc#1"                       [id=14580, stack(0x0000007f68800000,0x0000007f68900000) (1024K)]
  0x000001de2a5da6f0 WorkerThread "G1 Conc#2"                       [id=18548, stack(0x0000007f68900000,0x0000007f68a00000) (1024K)]
  0x000001dde21fae50 ConcurrentGCThread "G1 Refine#0"               terminated
  0x000001dde21fb7d0 ConcurrentGCThread "G1 Service"                terminated
Total: 17

Threads with active compile tasks:
Total: 0

VM state: at safepoint (shutting down)

VM Mutex/Monitor currently owned by a thread:  ([mutex/lock_event])
[0x00007ff820eccd68] Threads_lock - owner thread: 0x000001dde233af90
[0x00007ff820ecce68] Heap_lock - owner thread: 0x000001de28681ac0

Heap address: 0x0000000704e00000, size: 4018 MB, Compressed Oops mode: Zero based, Oop shift amount: 3

CDS archive(s) mapped at: [0x000001dde3000000-0x000001dde3c90000-0x000001dde3c90000), size 13172736, SharedBaseAddress: 0x000001dde3000000, ArchiveRelocationMode: 1.
Compressed class space mapped at: 0x000001dde4000000-0x000001de24000000, reserved size: 1073741824
Narrow klass base: 0x000001dde3000000, Narrow klass shift: 0, Narrow klass range: 0x100000000

GC Precious Log:
 CardTable entry size: 512
 Card Set container configuration: InlinePtr #cards 4 size 8 Array Of Cards #cards 16 size 48 Howl #buckets 8 coarsen threshold 3686 Howl Bitmap #cards 512 size 80 coarsen threshold 460 Card regions per heap region 1 cards per card region 4096
 CPUs: 12 total, 12 available
 Memory: 16069M
 Large Page Support: Disabled
 NUMA Support: Disabled
 Compressed Oops: Enabled (Zero based)
 Heap Region Size: 2M
 Heap Min Capacity: 8M
 Heap Initial Capacity: 252M
 Heap Max Capacity: 4018M
 Pre-touch: Disabled
 Parallel Workers: 10
 Concurrent Workers: 3
 Concurrent Refinement Workers: 10
 Periodic GC: Disabled

Heap:
 garbage-first heap   total 75776K, used 36833K [0x0000000704e00000, 0x0000000800000000)
  region size 2048K, 13 young (26624K), 7 survivors (14336K)
 Metaspace       used 26099K, committed 26560K, reserved 1114112K
  class space    used 3644K, committed 3840K, reserved 1048576K

Heap Regions: E=young(eden), S=young(survivor), O=old, HS=humongous(starts), HC=humongous(continues), CS=collection set, F=free, TAMS=top-at-mark-start, PB=parsable bottom
|   0|0x0000000704e00000, 0x0000000705000000, 0x0000000705000000|100%|HS|  |TAMS 0x0000000704e00000| PB 0x0000000704e00000| Complete 
|   1|0x0000000705000000, 0x00000007050b28d0, 0x0000000705200000| 34%| O|Cm|TAMS 0x0000000705000000| PB 0x0000000705000000| Complete 
|   2|0x0000000705200000, 0x0000000705200000, 0x0000000705400000|  0%| F|  |TAMS 0x0000000705200000| PB 0x0000000705200000| Untracked 
|   3|0x0000000705400000, 0x0000000705400000, 0x0000000705600000|  0%| F|  |TAMS 0x0000000705400000| PB 0x0000000705400000| Untracked 
|   4|0x0000000705600000, 0x0000000705800000, 0x0000000705800000|100%|HS|  |TAMS 0x0000000705600000| PB 0x0000000705600000| Complete 
|   5|0x0000000705800000, 0x0000000705800000, 0x0000000705a00000|  0%| F|  |TAMS 0x0000000705800000| PB 0x0000000705800000| Untracked 
|   6|0x0000000705a00000, 0x0000000705a00000, 0x0000000705c00000|  0%| F|  |TAMS 0x0000000705a00000| PB 0x0000000705a00000| Untracked 
|   7|0x0000000705c00000, 0x0000000705e00000, 0x0000000705e00000|100%|HS|  |TAMS 0x0000000705c00000| PB 0x0000000705c00000| Complete 
|   8|0x0000000705e00000, 0x0000000706000000, 0x0000000706000000|100%|HS|  |TAMS 0x0000000705e00000| PB 0x0000000705e00000| Complete 
|   9|0x0000000706000000, 0x0000000706200000, 0x0000000706200000|100%|HS|  |TAMS 0x0000000706000000| PB 0x0000000706000000| Complete 
|  10|0x0000000706200000, 0x0000000706400000, 0x0000000706400000|100%|HS|  |TAMS 0x0000000706200000| PB 0x0000000706200000| Complete 
|  11|0x0000000706400000, 0x0000000706400000, 0x0000000706600000|  0%| F|  |TAMS 0x0000000706400000| PB 0x0000000706400000| Untracked 
|  12|0x0000000706600000, 0x0000000706600000, 0x0000000706800000|  0%| F|  |TAMS 0x0000000706600000| PB 0x0000000706600000| Untracked 
|  13|0x0000000706800000, 0x0000000706800000, 0x0000000706a00000|  0%| F|  |TAMS 0x0000000706800000| PB 0x0000000706800000| Untracked 
|  14|0x0000000706a00000, 0x0000000706a00000, 0x0000000706c00000|  0%| F|  |TAMS 0x0000000706a00000| PB 0x0000000706a00000| Untracked 
|  15|0x0000000706c00000, 0x0000000706c00000, 0x0000000706e00000|  0%| F|  |TAMS 0x0000000706c00000| PB 0x0000000706c00000| Untracked 
|  16|0x0000000706e00000, 0x0000000706e00000, 0x0000000707000000|  0%| F|  |TAMS 0x0000000706e00000| PB 0x0000000706e00000| Untracked 
|  17|0x0000000707000000, 0x0000000707000000, 0x0000000707200000|  0%| F|  |TAMS 0x0000000707000000| PB 0x0000000707000000| Untracked 
|  18|0x0000000707200000, 0x0000000707200000, 0x0000000707400000|  0%| F|  |TAMS 0x0000000707200000| PB 0x0000000707200000| Untracked 
|  19|0x0000000707400000, 0x0000000707400000, 0x0000000707600000|  0%| F|  |TAMS 0x0000000707400000| PB 0x0000000707400000| Untracked 
|  20|0x0000000707600000, 0x0000000707600000, 0x0000000707800000|  0%| F|  |TAMS 0x0000000707600000| PB 0x0000000707600000| Untracked 
|  21|0x0000000707800000, 0x0000000707800000, 0x0000000707a00000|  0%| F|  |TAMS 0x0000000707800000| PB 0x0000000707800000| Untracked 
|  22|0x0000000707a00000, 0x0000000707a00000, 0x0000000707c00000|  0%| F|  |TAMS 0x0000000707a00000| PB 0x0000000707a00000| Untracked 
|  23|0x0000000707c00000, 0x0000000707c00000, 0x0000000707e00000|  0%| F|  |TAMS 0x0000000707c00000| PB 0x0000000707c00000| Untracked 
|  24|0x0000000707e00000, 0x0000000708000000, 0x0000000708000000|100%| S|CS|TAMS 0x0000000707e00000| PB 0x0000000707e00000| Complete 
|  25|0x0000000708000000, 0x0000000708200000, 0x0000000708200000|100%| S|CS|TAMS 0x0000000708000000| PB 0x0000000708000000| Complete 
|  26|0x0000000708200000, 0x0000000708400000, 0x0000000708400000|100%| S|CS|TAMS 0x0000000708200000| PB 0x0000000708200000| Complete 
|  27|0x0000000708400000, 0x0000000708600000, 0x0000000708600000|100%| S|CS|TAMS 0x0000000708400000| PB 0x0000000708400000| Complete 
|  28|0x0000000708600000, 0x0000000708800000, 0x0000000708800000|100%| S|CS|TAMS 0x0000000708600000| PB 0x0000000708600000| Complete 
|  29|0x0000000708800000, 0x0000000708a00000, 0x0000000708a00000|100%| S|CS|TAMS 0x0000000708800000| PB 0x0000000708800000| Complete 
|  30|0x0000000708a00000, 0x0000000708b45e58, 0x0000000708c00000| 63%| S|CS|TAMS 0x0000000708a00000| PB 0x0000000708a00000| Complete 
|  96|0x0000000710e00000, 0x0000000710faa578, 0x0000000711000000| 83%| E|  |TAMS 0x0000000710e00000| PB 0x0000000710e00000| Complete 
|  97|0x0000000711000000, 0x0000000711200000, 0x0000000711200000|100%| E|CS|TAMS 0x0000000711000000| PB 0x0000000711000000| Complete 
|  98|0x0000000711200000, 0x0000000711400000, 0x0000000711400000|100%| E|CS|TAMS 0x0000000711200000| PB 0x0000000711200000| Complete 
|  99|0x0000000711400000, 0x0000000711600000, 0x0000000711600000|100%| E|CS|TAMS 0x0000000711400000| PB 0x0000000711400000| Complete 
| 100|0x0000000711600000, 0x0000000711800000, 0x0000000711800000|100%| E|CS|TAMS 0x0000000711600000| PB 0x0000000711600000| Complete 
| 125|0x0000000714800000, 0x0000000714a00000, 0x0000000714a00000|100%| E|CS|TAMS 0x0000000714800000| PB 0x0000000714800000| Complete 

Card table byte_map: [0x000001dddb050000,0x000001dddb830000] _byte_map_base: 0x000001ddd7829000

Marking Bits: (CMBitMap*) 0x000001ddc2f27420
 Bits: [0x000001dddb830000, 0x000001dddf6f8000)

Polling page: 0x000001ddc0e30000

Metaspace:

Usage:
  Non-class:     21.93 MB used.
      Class:      3.56 MB used.
       Both:     25.49 MB used.

Virtual space:
  Non-class space:       64.00 MB reserved,      22.19 MB ( 35%) committed,  1 nodes.
      Class space:        1.00 GB reserved,       3.75 MB ( <1%) committed,  1 nodes.
             Both:        1.06 GB reserved,      25.94 MB (  2%) committed. 

Chunk freelists:
   Non-Class:  9.11 MB
       Class:  12.28 MB
        Both:  21.39 MB

MaxMetaspaceSize: unlimited
CompressedClassSpaceSize: 1.00 GB
Initial GC threshold: 21.00 MB
Current GC threshold: 35.12 MB
CDS: on
 - commit_granule_bytes: 65536.
 - commit_granule_words: 8192.
 - virtual_space_node_default_size: 8388608.
 - enlarge_chunks_in_place: 1.
 - use_allocation_guard: 0.


Internal statistics:

num_allocs_failed_limit: 3.
num_arena_births: 494.
num_arena_deaths: 0.
num_vsnodes_births: 2.
num_vsnodes_deaths: 0.
num_space_committed: 415.
num_space_uncommitted: 0.
num_chunks_returned_to_freelist: 3.
num_chunks_taken_from_freelist: 1350.
num_chunk_merges: 0.
num_chunk_splits: 943.
num_chunks_enlarged: 696.
num_inconsistent_stats: 0.

CodeHeap 'non-profiled nmethods': size=120000Kb used=2556Kb max_used=2556Kb free=117443Kb
 bounds [0x000001ddd2de0000, 0x000001ddd3060000, 0x000001ddda310000]
CodeHeap 'profiled nmethods': size=120000Kb used=8927Kb max_used=8927Kb free=111072Kb
 bounds [0x000001ddcb310000, 0x000001ddcbbd0000, 0x000001ddd2840000]
CodeHeap 'non-nmethods': size=5760Kb used=1995Kb max_used=2068Kb free=3764Kb
 bounds [0x000001ddd2840000, 0x000001ddd2ab0000, 0x000001ddd2de0000]
 total_blobs=5182 nmethods=4263 adapters=822
 compilation: enabled
              stopped_count=0, restarted_count=0
 full_count=0

Compilation events (20 events):
Event: 17.336 Thread 0x000001dde238b440 4254       4       com.sun.javafx.event.BasicEventDispatcher::dispatchCapturingEvent (2 bytes)
Event: 17.337 Thread 0x000001dde238b440 nmethod 4254 0x000001ddd305d090 code [0x000001ddd305d220, 0x000001ddd305d2a8]
Event: 17.348 Thread 0x000001dde238b440 4255       4       javafx.css.Size::pixels (7 bytes)
Event: 17.349 Thread 0x000001dde238b440 nmethod 4255 0x000001ddd305d390 code [0x000001ddd305d540, 0x000001ddd305d610]
Event: 19.961 Thread 0x000001dde238e020 4256       1       javafx.util.Duration::toMillis (5 bytes)
Event: 19.962 Thread 0x000001dde238e020 nmethod 4256 0x000001ddd305d710 code [0x000001ddd305d8a0, 0x000001ddd305d968]
Event: 19.972 Thread 0x000001dde238b440 4257       4       java.lang.Double::doubleToLongBits (16 bytes)
Event: 19.972 Thread 0x000001dde238e020 4258       3       javafx.scene.Node::layoutYProperty (25 bytes)
Event: 19.972 Thread 0x000001dde238e020 nmethod 4258 0x000001ddcbbc4c90 code [0x000001ddcbbc4e80, 0x000001ddcbbc5398]
Event: 19.972 Thread 0x000001dde238b440 nmethod 4257 0x000001ddd305da10 code [0x000001ddd305dba0, 0x000001ddd305dc38]
Event: 19.973 Thread 0x000001dde238e020 4259       3       com.sun.javafx.geom.transform.AffineBase::scale (284 bytes)
Event: 19.973 Thread 0x000001dde238e020 nmethod 4259 0x000001ddcbbc5590 code [0x000001ddcbbc57e0, 0x000001ddcbbc6040]
Event: 19.973 Thread 0x000001dde238b440 4260       4       java.lang.StrictMath::floorOrCeil (128 bytes)
Event: 19.974 Thread 0x000001dde238b440 nmethod 4260 0x000001ddd305dd10 code [0x000001ddd305dec0, 0x000001ddd305dfb0]
Event: 20.004 Thread 0x000001dde238e020 4261       3       com.sun.scenario.animation.shared.TimelineClipCore::playTo (353 bytes)
Event: 20.005 Thread 0x000001dde238e020 nmethod 4261 0x000001ddcbbc6190 code [0x000001ddcbbc6480, 0x000001ddcbbc7708]
Event: 102.663 Thread 0x000001dde238b440 4262       4       com.sun.javafx.tk.quantum.QuantumToolkit::postPulse (133 bytes)
Event: 102.666 Thread 0x000001dde238b440 nmethod 4262 0x000001ddd305e010 code [0x000001ddd305e1e0, 0x000001ddd305e4b8]
Event: 107.489 Thread 0x000001dde238b440 4263       4       com.sun.javafx.tk.quantum.QuantumToolkit$$Lambda/0x000001dde403c8f0::run (8 bytes)
Event: 107.493 Thread 0x000001dde238b440 nmethod 4263 0x000001ddd305e790 code [0x000001ddd305e980, 0x000001ddd305ed38]

GC Heap History (8 events):
Event: 1.155 GC heap before
{Heap before GC invocations=0 (full 0):
 garbage-first heap   total 258048K, used 20480K [0x0000000704e00000, 0x0000000800000000)
  region size 2048K, 11 young (22528K), 0 survivors (0K)
 Metaspace       used 4099K, committed 4224K, reserved 1114112K
  class space    used 406K, committed 448K, reserved 1048576K
}
Event: 1.159 GC heap after
{Heap after GC invocations=1 (full 0):
 garbage-first heap   total 258048K, used 2687K [0x0000000704e00000, 0x0000000800000000)
  region size 2048K, 2 young (4096K), 2 survivors (4096K)
 Metaspace       used 4099K, committed 4224K, reserved 1114112K
  class space    used 406K, committed 448K, reserved 1048576K
}
Event: 1.602 GC heap before
{Heap before GC invocations=1 (full 0):
 garbage-first heap   total 258048K, used 41599K [0x0000000704e00000, 0x0000000800000000)
  region size 2048K, 21 young (43008K), 2 survivors (4096K)
 Metaspace       used 11620K, committed 11904K, reserved 1114112K
  class space    used 1552K, committed 1664K, reserved 1048576K
}
Event: 1.608 GC heap after
{Heap after GC invocations=2 (full 0):
 garbage-first heap   total 258048K, used 8906K [0x0000000704e00000, 0x0000000800000000)
  region size 2048K, 3 young (6144K), 3 survivors (6144K)
 Metaspace       used 11620K, committed 11904K, reserved 1114112K
  class space    used 1552K, committed 1664K, reserved 1048576K
}
Event: 3.502 GC heap before
{Heap before GC invocations=2 (full 0):
 garbage-first heap   total 258048K, used 53962K [0x0000000704e00000, 0x0000000800000000)
  region size 2048K, 25 young (51200K), 3 survivors (6144K)
 Metaspace       used 21209K, committed 21504K, reserved 1114112K
  class space    used 2996K, committed 3136K, reserved 1048576K
}
Event: 3.508 GC heap after
{Heap after GC invocations=3 (full 0):
 garbage-first heap   total 258048K, used 14401K [0x0000000704e00000, 0x0000000800000000)
  region size 2048K, 5 young (10240K), 5 survivors (10240K)
 Metaspace       used 21209K, committed 21504K, reserved 1114112K
  class space    used 2996K, committed 3136K, reserved 1048576K
}
Event: 7.429 GC heap before
{Heap before GC invocations=4 (full 0):
 garbage-first heap   total 61440K, used 59457K [0x0000000704e00000, 0x0000000800000000)
  region size 2048K, 19 young (38912K), 5 survivors (10240K)
 Metaspace       used 25404K, committed 25856K, reserved 1114112K
  class space    used 3560K, committed 3776K, reserved 1048576K
}
Event: 7.435 GC heap after
{Heap after GC invocations=5 (full 0):
 garbage-first heap   total 75776K, used 24545K [0x0000000704e00000, 0x0000000800000000)
  region size 2048K, 7 young (14336K), 7 survivors (14336K)
 Metaspace       used 25404K, committed 25856K, reserved 1114112K
  class space    used 3560K, committed 3776K, reserved 1048576K
}

Dll operation events (20 events):
Event: 0.859 Loaded shared library C:\Users\josant\.openjfx\cache\19+11\amd64\api-ms-win-crt-multibyte-l1-1-0.dll
Event: 0.861 Loaded shared library C:\Users\josant\.openjfx\cache\19+11\amd64\api-ms-win-crt-private-l1-1-0.dll
Event: 0.863 Loaded shared library C:\Users\josant\.openjfx\cache\19+11\amd64\api-ms-win-crt-process-l1-1-0.dll
Event: 0.865 Loaded shared library C:\Users\josant\.openjfx\cache\19+11\amd64\api-ms-win-crt-runtime-l1-1-0.dll
Event: 0.867 Loaded shared library C:\Users\josant\.openjfx\cache\19+11\amd64\api-ms-win-crt-stdio-l1-1-0.dll
Event: 0.869 Loaded shared library C:\Users\josant\.openjfx\cache\19+11\amd64\api-ms-win-crt-string-l1-1-0.dll
Event: 0.871 Loaded shared library C:\Users\josant\.openjfx\cache\19+11\amd64\api-ms-win-crt-time-l1-1-0.dll
Event: 0.873 Loaded shared library C:\Users\josant\.openjfx\cache\19+11\amd64\api-ms-win-crt-utility-l1-1-0.dll
Event: 0.885 Loaded shared library C:\Users\josant\.openjfx\cache\19+11\amd64\ucrtbase.dll
Event: 0.887 Loaded shared library C:\Users\josant\.openjfx\cache\19+11\amd64\vcruntime140.dll
Event: 0.890 Loaded shared library C:\Users\josant\.openjfx\cache\19+11\amd64\vcruntime140_1.dll
Event: 0.897 Loaded shared library C:\Users\josant\.openjfx\cache\19+11\amd64\msvcp140.dll
Event: 0.900 Loaded shared library C:\Users\josant\.openjfx\cache\19+11\amd64\msvcp140_1.dll
Event: 0.903 Loaded shared library C:\Users\josant\.openjfx\cache\19+11\amd64\msvcp140_2.dll
Event: 0.949 Loaded shared library C:\Users\josant\.openjfx\cache\19+11\amd64\prism_d3d.dll
Event: 1.076 Loaded shared library C:\Users\josant\.openjfx\cache\19+11\amd64\glass.dll
Event: 1.224 Loaded shared library C:\Users\josant\.jdks\openjdk-21.0.2\bin\jimage.dll
Event: 1.256 Loaded shared library C:\Users\josant\.jdks\openjdk-21.0.2\bin\verify.dll
Event: 1.402 Loaded shared library C:\Users\josant\.openjfx\cache\19+11\amd64\javafx_font.dll
Event: 1.458 Loaded shared library C:\Users\josant\.openjfx\cache\19+11\amd64\javafx_iio.dll

Deoptimization events (20 events):
Event: 16.745 Thread 0x000001de28b19bd0 Uncommon trap: trap_request=0xffffffd6 fr.pc=0x000001ddd3059a40 relative=0x0000000000000660
Event: 16.745 Thread 0x000001de28b19bd0 Uncommon trap: reason=array_check action=maybe_recompile pc=0x000001ddd3059a40 method=com.sun.javafx.event.EventDispatchChainImpl.prepend(Ljavafx/event/EventDispatcher;)Ljavafx/event/EventDispatchChain; @ 33 c2
Event: 16.745 Thread 0x000001de28b19bd0 DEOPT PACKING pc=0x000001ddd3059a40 sp=0x0000007f667fb4d0
Event: 16.745 Thread 0x000001de28b19bd0 DEOPT UNPACKING pc=0x000001ddd28946a2 sp=0x0000007f667fb490 mode 2
Event: 16.745 Thread 0x000001de28b19bd0 Uncommon trap: trap_request=0xffffffd6 fr.pc=0x000001ddd3059a40 relative=0x0000000000000660
Event: 16.745 Thread 0x000001de28b19bd0 Uncommon trap: reason=array_check action=maybe_recompile pc=0x000001ddd3059a40 method=com.sun.javafx.event.EventDispatchChainImpl.prepend(Ljavafx/event/EventDispatcher;)Ljavafx/event/EventDispatchChain; @ 33 c2
Event: 16.745 Thread 0x000001de28b19bd0 DEOPT PACKING pc=0x000001ddd3059a40 sp=0x0000007f667fb420
Event: 16.745 Thread 0x000001de28b19bd0 DEOPT UNPACKING pc=0x000001ddd28946a2 sp=0x0000007f667fb3e0 mode 2
Event: 16.745 Thread 0x000001de28b19bd0 Uncommon trap: trap_request=0xffffffd6 fr.pc=0x000001ddd3059a40 relative=0x0000000000000660
Event: 16.745 Thread 0x000001de28b19bd0 Uncommon trap: reason=array_check action=maybe_recompile pc=0x000001ddd3059a40 method=com.sun.javafx.event.EventDispatchChainImpl.prepend(Ljavafx/event/EventDispatcher;)Ljavafx/event/EventDispatchChain; @ 33 c2
Event: 16.745 Thread 0x000001de28b19bd0 DEOPT PACKING pc=0x000001ddd3059a40 sp=0x0000007f667fb420
Event: 16.745 Thread 0x000001de28b19bd0 DEOPT UNPACKING pc=0x000001ddd28946a2 sp=0x0000007f667fb3e0 mode 2
Event: 16.749 Thread 0x000001de28b19bd0 Uncommon trap: trap_request=0xffffffd6 fr.pc=0x000001ddd3059a40 relative=0x0000000000000660
Event: 16.749 Thread 0x000001de28b19bd0 Uncommon trap: reason=array_check action=maybe_recompile pc=0x000001ddd3059a40 method=com.sun.javafx.event.EventDispatchChainImpl.prepend(Ljavafx/event/EventDispatcher;)Ljavafx/event/EventDispatchChain; @ 33 c2
Event: 16.749 Thread 0x000001de28b19bd0 DEOPT PACKING pc=0x000001ddd3059a40 sp=0x0000007f667fb4d0
Event: 16.749 Thread 0x000001de28b19bd0 DEOPT UNPACKING pc=0x000001ddd28946a2 sp=0x0000007f667fb490 mode 2
Event: 136.342 Thread 0x000001de2867d920 DEOPT PACKING pc=0x000001ddcb60cc5c sp=0x0000007f653ff0b0
Event: 136.342 Thread 0x000001de2867d920 DEOPT UNPACKING pc=0x000001ddd2894e42 sp=0x0000007f653fe510 mode 1
Event: 136.342 Thread 0x000001dde27030d0 DEOPT PACKING pc=0x000001ddcbb962fc sp=0x0000007f66cfee70
Event: 136.342 Thread 0x000001dde27030d0 DEOPT UNPACKING pc=0x000001ddd2894e42 sp=0x0000007f66cfe3a8 mode 1

Classes loaded (20 events):
Event: 21.722 Loading class java/io/DataOutputStream
Event: 21.722 Loading class java/io/DataOutputStream done
Event: 136.311 Loading class com/sun/javafx/tk/quantum/WindowStage
Event: 136.311 Loading class com/sun/javafx/tk/quantum/WindowStage done
Event: 136.311 Loading class com/sun/javafx/tk/quantum/GlassScene
Event: 136.311 Loading class com/sun/javafx/tk/quantum/GlassScene done
Event: 136.313 Loading class com/sun/prism/GraphicsResource
Event: 136.313 Loading class com/sun/prism/GraphicsResource done
Event: 136.313 Loading class com/sun/prism/GraphicsResource
Event: 136.313 Loading class com/sun/prism/GraphicsResource done
Event: 136.314 Loading class com/sun/javafx/tk/quantum/ViewScene
Event: 136.314 Loading class com/sun/javafx/tk/quantum/ViewScene done
Event: 136.315 Loading class com/sun/javafx/tk/quantum/WindowStage
Event: 136.315 Loading class com/sun/javafx/tk/quantum/WindowStage done
Event: 136.338 Loading class jdk/internal/misc/Signal$1
Event: 136.338 Loading class jdk/internal/misc/Signal$1 done
Event: 136.341 Loading class com/sun/javafx/tk/quantum/QuantumRenderer
Event: 136.341 Loading class com/sun/javafx/tk/quantum/QuantumRenderer done
Event: 136.341 Loading class com/sun/javafx/tk/quantum/QuantumToolkit
Event: 136.341 Loading class com/sun/javafx/tk/quantum/QuantumToolkit done

Classes unloaded (0 events):
No events

Classes redefined (0 events):
No events

Internal exceptions (20 events):
Event: 3.428 Thread 0x000001de28b19bd0 Exception <a 'sun/nio/fs/WindowsException'{0x0000000712356720}> (0x0000000712356720) 
thrown [s\open\src\hotspot\share\prims\jni.cpp, line 520]
Event: 3.435 Thread 0x000001de28b19bd0 Exception <a 'sun/nio/fs/WindowsException'{0x00000007123b1040}> (0x00000007123b1040) 
thrown [s\open\src\hotspot\share\prims\jni.cpp, line 520]
Event: 3.436 Thread 0x000001de28b19bd0 Exception <a 'sun/nio/fs/WindowsException'{0x00000007123b33d8}> (0x00000007123b33d8) 
thrown [s\open\src\hotspot\share\prims\jni.cpp, line 520]
Event: 3.440 Thread 0x000001de28b19bd0 Exception <a 'java/lang/NoSuchMethodError'{0x00000007123ca098}: 'java.lang.Object java.lang.invoke.DirectMethodHandle$Holder.invokeVirtual(java.lang.Object, java.lang.Object, java.lang.Object)'> (0x00000007123ca098) 
thrown [s\open\src\hotspot\share\interpreter\linkResolver.cpp, line 773]
Event: 3.493 Thread 0x000001de28b19bd0 Exception <a 'sun/nio/fs/WindowsException'{0x0000000711998030}> (0x0000000711998030) 
thrown [s\open\src\hotspot\share\prims\jni.cpp, line 520]
Event: 3.501 Thread 0x000001de28b19bd0 Exception <a 'java/lang/ClassNotFoundException'{0x00000007119cb4f0}: jdk/net/ExtendedSocketOptions> (0x00000007119cb4f0) 
thrown [s\open\src\hotspot\share\classfile\systemDictionary.cpp, line 312]
Event: 3.611 Thread 0x000001de28b19bd0 Exception <a 'sun/nio/fs/WindowsException'{0x00000007078fcd80}> (0x00000007078fcd80) 
thrown [s\open\src\hotspot\share\prims\jni.cpp, line 520]
Event: 3.648 Thread 0x000001de28b19bd0 Exception <a 'java/lang/NoSuchMethodError'{0x00000007076e03a0}: 'java.lang.Object java.lang.invoke.DelegatingMethodHandle$Holder.reinvoke_L(java.lang.Object, double, double, double, double)'> (0x00000007076e03a0) 
thrown [s\open\src\hotspot\share\interpreter\linkResolver.cpp, line 773]
Event: 3.650 Thread 0x000001de28b19bd0 Exception <a 'java/lang/NoSuchMethodError'{0x00000007076f12e8}: 'java.lang.Object java.lang.invoke.DirectMethodHandle$Holder.invokeStatic(java.lang.Object, java.lang.Object, int)'> (0x00000007076f12e8) 
thrown [s\open\src\hotspot\share\interpreter\linkResolver.cpp, line 773]
Event: 3.650 Thread 0x000001de28b19bd0 Exception <a 'java/lang/NoSuchMethodError'{0x00000007076f5170}: 'void java.lang.invoke.DirectMethodHandle$Holder.invokeStatic(java.lang.Object, java.lang.Object, int, java.lang.Object)'> (0x00000007076f5170) 
thrown [s\open\src\hotspot\share\interpreter\linkResolver.cpp, line 773]
Event: 3.651 Thread 0x000001de28b19bd0 Exception <a 'java/lang/NoSuchMethodError'{0x00000007076fbe90}: 'void java.lang.invoke.DelegatingMethodHandle$Holder.delegate(java.lang.Object, java.lang.Object, int, java.lang.Object)'> (0x00000007076fbe90) 
thrown [s\open\src\hotspot\share\interpreter\linkResolver.cpp, line 773]
Event: 3.670 Thread 0x000001de28b19bd0 Exception <a 'java/io/FileNotFoundException'{0x00000007077b6930}> (0x00000007077b6930) 
thrown [s\open\src\hotspot\share\prims\jni.cpp, line 520]
Event: 5.424 Thread 0x000001de28b19bd0 Exception <a 'java/io/FileNotFoundException'{0x00000007070efe38}> (0x00000007070efe38) 
thrown [s\open\src\hotspot\share\prims\jni.cpp, line 520]
Event: 6.326 Thread 0x000001de28b19bd0 Exception <a 'java/lang/NoSuchMethodError'{0x000000070687e3d8}: 'java.lang.Object java.lang.invoke.DirectMethodHandle$Holder.newInvokeSpecial(java.lang.Object, java.lang.Object, java.lang.Object, double, double, double, double, int, int, int, int, int, int, int, int, int)'> (0x000000070687e3d8) 
thrown [s\open\src\hotspot\share\interpreter\linkResolver.cpp, line 773]
Event: 7.033 Thread 0x000001de28b19bd0 Exception <a 'java/lang/NoSuchMethodError'{0x000000070668a880}: 'java.lang.Object java.lang.invoke.DirectMethodHandle$Holder.invokeSpecial(java.lang.Object, java.lang.Object, int, java.lang.Object, java.lang.Object)'> (0x000000070668a880) 
thrown [s\open\src\hotspot\share\interpreter\linkResolver.cpp, line 773]
Event: 7.369 Thread 0x000001de28b19bd0 Exception <a 'java/io/FileNotFoundException'{0x0000000706464c30}> (0x0000000706464c30) 
thrown [s\open\src\hotspot\share\prims\jni.cpp, line 520]
Event: 7.499 Thread 0x000001de28b19bd0 Exception <a 'java/lang/NoSuchMethodError'{0x00000007116df450}: 'void java.lang.invoke.DirectMethodHandle$Holder.invokeSpecialIFC(java.lang.Object, java.lang.Object, java.lang.Object, java.lang.Object)'> (0x00000007116df450) 
thrown [s\open\src\hotspot\share\interpreter\linkResolver.cpp, line 773]
Event: 7.509 Thread 0x000001de28b19bd0 Exception <a 'java/lang/NoSuchMethodError'{0x000000071146b148}: 'void java.lang.invoke.DirectMethodHandle$Holder.invokeSpecial(java.lang.Object, java.lang.Object, int, int)'> (0x000000071146b148) 
thrown [s\open\src\hotspot\share\interpreter\linkResolver.cpp, line 773]
Event: 7.510 Thread 0x000001de28b19bd0 Exception <a 'java/lang/NoSuchMethodError'{0x00000007114711f0}: 'java.lang.Object java.lang.invoke.DirectMethodHandle$Holder.newInvokeSpecial(java.lang.Object, java.lang.Object, int, int)'> (0x00000007114711f0) 
thrown [s\open\src\hotspot\share\interpreter\linkResolver.cpp, line 773]
Event: 7.511 Thread 0x000001de28b19bd0 Exception <a 'java/lang/NoSuchMethodError'{0x0000000711475400}: 'java.lang.Object java.lang.invoke.DirectMethodHandle$Holder.invokeSpecial(java.lang.Object, java.lang.Object, java.lang.Object, int, int)'> (0x0000000711475400) 
thrown [s\open\src\hotspot\share\interpreter\linkResolver.cpp, line 773]

ZGC Phase Switch (0 events):
No events

VM Operations (20 events):
Event: 129.449 Executing VM operation: ChangeSingleStep done
Event: 129.454 Executing VM operation: ChangeSingleStep
Event: 129.454 Executing VM operation: ChangeSingleStep done
Event: 129.454 Executing VM operation: ChangeSingleStep
Event: 129.454 Executing VM operation: ChangeSingleStep done
Event: 129.459 Executing VM operation: get/set locals
Event: 129.459 Executing VM operation: get/set locals done
Event: 129.459 Executing VM operation: get/set locals
Event: 129.459 Executing VM operation: get/set locals done
Event: 129.459 Executing VM operation: get/set locals
Event: 129.459 Executing VM operation: get/set locals done
Event: 136.303 Executing VM operation: ChangeBreakpoints
Event: 136.303 Executing VM operation: ChangeBreakpoints done
Event: 136.303 Executing VM operation: ChangeBreakpoints
Event: 136.303 Executing VM operation: ChangeBreakpoints done
Event: 136.303 Executing VM operation: ChangeBreakpoints
Event: 136.303 Executing VM operation: ChangeBreakpoints done
Event: 136.303 Executing VM operation: ChangeBreakpoints
Event: 136.303 Executing VM operation: ChangeBreakpoints done
Event: 136.342 Executing VM operation: Exit

Events (20 events):
Event: 4.054 Thread 0x000001de327b4d70 Thread exited: 0x000001de327b4d70
Event: 4.054 Thread 0x000001de2a218970 Thread exited: 0x000001de2a218970
Event: 4.269 Thread 0x000001de32bddbb0 Thread added: 0x000001de32bddbb0
Event: 4.580 Thread 0x000001de32bddbb0 Thread exited: 0x000001de32bddbb0
Event: 5.505 Thread 0x000001de32bc8360 Thread added: 0x000001de32bc8360
Event: 5.510 Thread 0x000001de32b7c030 Thread added: 0x000001de32b7c030
Event: 6.100 Thread 0x000001de32b7c030 Thread exited: 0x000001de32b7c030
Event: 6.965 Thread 0x000001de32bc8360 Thread exited: 0x000001de32bc8360
Event: 6.981 Thread 0x000001de32ce94d0 Thread added: 0x000001de32ce94d0
Event: 7.335 Thread 0x000001de32ce94d0 Thread exited: 0x000001de32ce94d0
Event: 7.524 Thread 0x000001de33523820 Thread added: 0x000001de33523820
Event: 8.039 Thread 0x000001de33523820 Thread exited: 0x000001de33523820
Event: 136.303 Thread 0x000001de287f7740 Thread exited: 0x000001de287f7740
Event: 136.307 Thread 0x000001de2875a720 Thread exited: 0x000001de2875a720
Event: 136.338 Thread 0x000001de28681ac0 Thread added: 0x000001de28681ac0
Event: 136.341 Thread 0x000001de2867d920 Thread added: 0x000001de2867d920
Event: 136.341 Thread 0x000001de2867c570 Thread added: 0x000001de2867c570
Event: 136.341 Thread 0x000001de2867c570 Thread exited: 0x000001de2867c570
Event: 136.342 Thread 0x000001de2867d920 Thread exited: 0x000001de2867d920
Event: 136.342 Thread 0x000001dde235a7e0 Thread exited: 0x000001dde235a7e0


Dynamic libraries:
0x00007ff793f80000 - 0x00007ff793f8e000 	C:\Users\josant\.jdks\openjdk-21.0.2\bin\java.exe
0x00007ff887f90000 - 0x00007ff8881a7000 	C:\Windows\SYSTEM32\ntdll.dll
0x00007ff887260000 - 0x00007ff887324000 	C:\Windows\System32\KERNEL32.DLL
0x00007ff8853d0000 - 0x00007ff885789000 	C:\Windows\System32\KERNELBASE.dll
0x00007ff885aa0000 - 0x00007ff885bb1000 	C:\Windows\System32\ucrtbase.dll
0x00007ff831f70000 - 0x00007ff831f8b000 	C:\Users\josant\.jdks\openjdk-21.0.2\bin\VCRUNTIME140.dll
0x00007ff832dd0000 - 0x00007ff832de8000 	C:\Users\josant\.jdks\openjdk-21.0.2\bin\jli.dll
0x00007ff8876b0000 - 0x00007ff88785e000 	C:\Windows\System32\USER32.dll
0x00007ff885290000 - 0x00007ff8852b6000 	C:\Windows\System32\win32u.dll
0x00007ff86bd00000 - 0x00007ff86bf92000 	C:\Windows\WinSxS\amd64_microsoft.windows.common-controls_6595b64144ccf1df_6.0.22621.4391_none_2715d37f73803e96\COMCTL32.dll
0x00007ff885ee0000 - 0x00007ff885f09000 	C:\Windows\System32\GDI32.dll
0x00007ff885e30000 - 0x00007ff885ed7000 	C:\Windows\System32\msvcrt.dll
0x00007ff885790000 - 0x00007ff8858ab000 	C:\Windows\System32\gdi32full.dll
0x00007ff885330000 - 0x00007ff8853ca000 	C:\Windows\System32\msvcp_win.dll
0x00007ff887220000 - 0x00007ff887251000 	C:\Windows\System32\IMM32.DLL
0x00007ff85e370000 - 0x00007ff85e37c000 	C:\Users\josant\.jdks\openjdk-21.0.2\bin\vcruntime140_1.dll
0x00007ff829140000 - 0x00007ff8291ce000 	C:\Users\josant\.jdks\openjdk-21.0.2\bin\msvcp140.dll
0x00007ff820290000 - 0x00007ff820fa7000 	C:\Users\josant\.jdks\openjdk-21.0.2\bin\server\jvm.dll
0x00007ff887e90000 - 0x00007ff887f42000 	C:\Windows\System32\ADVAPI32.dll
0x00007ff886020000 - 0x00007ff8860c7000 	C:\Windows\System32\sechost.dll
0x00007ff885c80000 - 0x00007ff885ca8000 	C:\Windows\System32\bcrypt.dll
0x00007ff886ef0000 - 0x00007ff887004000 	C:\Windows\System32\RPCRT4.dll
0x00007ff885cb0000 - 0x00007ff885d21000 	C:\Windows\System32\WS2_32.dll
0x00007ff885160000 - 0x00007ff8851ad000 	C:\Windows\SYSTEM32\POWRPROF.dll
0x00007ff87bea0000 - 0x00007ff87bed4000 	C:\Windows\SYSTEM32\WINMM.dll
0x00007ff8724a0000 - 0x00007ff8724aa000 	C:\Windows\SYSTEM32\VERSION.dll
0x00007ff885140000 - 0x00007ff885153000 	C:\Windows\SYSTEM32\UMPDC.dll
0x00007ff884290000 - 0x00007ff8842a8000 	C:\Windows\SYSTEM32\kernel.appcore.dll
0x00007ff85c9f0000 - 0x00007ff85c9fa000 	C:\Users\josant\.jdks\openjdk-21.0.2\bin\jimage.dll
0x00007ff882b60000 - 0x00007ff882d92000 	C:\Windows\SYSTEM32\DBGHELP.DLL
0x00007ff887a50000 - 0x00007ff887ddf000 	C:\Windows\System32\combase.dll
0x00007ff8875c0000 - 0x00007ff887697000 	C:\Windows\System32\OLEAUT32.dll
0x00007ff861450000 - 0x00007ff861482000 	C:\Windows\SYSTEM32\dbgcore.DLL
0x00007ff885a20000 - 0x00007ff885a9b000 	C:\Windows\System32\bcryptPrimitives.dll
0x00007ff87ecc0000 - 0x00007ff87ecfc000 	C:\Users\josant\.jdks\openjdk-21.0.2\bin\jdwp.dll
0x00007ff87f090000 - 0x00007ff87f09f000 	C:\Users\josant\.jdks\openjdk-21.0.2\bin\instrument.dll
0x00007ff829120000 - 0x00007ff82913f000 	C:\Users\josant\.jdks\openjdk-21.0.2\bin\java.dll
0x00007ff8293e0000 - 0x00007ff8293f8000 	C:\Users\josant\.jdks\openjdk-21.0.2\bin\zip.dll
0x00007ff886160000 - 0x00007ff8869d6000 	C:\Windows\System32\SHELL32.dll
0x00007ff883180000 - 0x00007ff883a83000 	C:\Windows\SYSTEM32\windows.storage.dll
0x00007ff883040000 - 0x00007ff88317f000 	C:\Windows\SYSTEM32\wintypes.dll
0x00007ff885d30000 - 0x00007ff885e29000 	C:\Windows\System32\SHCORE.dll
0x00007ff8871c0000 - 0x00007ff88721e000 	C:\Windows\System32\shlwapi.dll
0x00007ff8851c0000 - 0x00007ff8851eb000 	C:\Windows\SYSTEM32\profapi.dll
0x00007ff829040000 - 0x00007ff829117000 	C:\Users\josant\.jdks\openjdk-21.0.2\bin\jsvml.dll
0x00007ff85c050000 - 0x00007ff85c060000 	C:\Users\josant\.jdks\openjdk-21.0.2\bin\net.dll
0x00007ff881b30000 - 0x00007ff881c66000 	C:\Windows\SYSTEM32\WINHTTP.dll
0x00007ff884700000 - 0x00007ff884769000 	C:\Windows\system32\mswsock.dll
0x00007ff85af60000 - 0x00007ff85af76000 	C:\Users\josant\.jdks\openjdk-21.0.2\bin\nio.dll
0x00007ff8757c0000 - 0x00007ff8757cc000 	C:\Users\josant\.jdks\openjdk-21.0.2\bin\dt_socket.dll
0x00007ff883cf0000 - 0x00007ff883d1d000 	C:\Windows\SYSTEM32\IPHLPAPI.DLL
0x000001ddc0e70000 - 0x000001ddc0e73000 	C:\Users\josant\.openjfx\cache\19+11\amd64\api-ms-win-core-console-l1-1-0.dll
0x000001ddc0e80000 - 0x000001ddc0e83000 	C:\Users\josant\.openjfx\cache\19+11\amd64\api-ms-win-core-console-l1-2-0.dll
0x000001ddc0e90000 - 0x000001ddc0e93000 	C:\Users\josant\.openjfx\cache\19+11\amd64\api-ms-win-core-datetime-l1-1-0.dll
0x000001ddc0ea0000 - 0x000001ddc0ea3000 	C:\Users\josant\.openjfx\cache\19+11\amd64\api-ms-win-core-debug-l1-1-0.dll
0x000001ddc0eb0000 - 0x000001ddc0eb3000 	C:\Users\josant\.openjfx\cache\19+11\amd64\api-ms-win-core-errorhandling-l1-1-0.dll
0x000001ddc0ec0000 - 0x000001ddc0ec4000 	C:\Users\josant\.openjfx\cache\19+11\amd64\api-ms-win-core-file-l1-1-0.dll
0x000001ddc2e40000 - 0x000001ddc2e43000 	C:\Users\josant\.openjfx\cache\19+11\amd64\api-ms-win-core-file-l1-2-0.dll
0x000001ddc2e50000 - 0x000001ddc2e53000 	C:\Users\josant\.openjfx\cache\19+11\amd64\api-ms-win-core-file-l2-1-0.dll
0x000001ddc2e60000 - 0x000001ddc2e63000 	C:\Users\josant\.openjfx\cache\19+11\amd64\api-ms-win-core-handle-l1-1-0.dll
0x000001ddc2e70000 - 0x000001ddc2e73000 	C:\Users\josant\.openjfx\cache\19+11\amd64\api-ms-win-core-heap-l1-1-0.dll
0x000001dde28d0000 - 0x000001dde28d3000 	C:\Users\josant\.openjfx\cache\19+11\amd64\api-ms-win-core-interlocked-l1-1-0.dll
0x000001dde28e0000 - 0x000001dde28e3000 	C:\Users\josant\.openjfx\cache\19+11\amd64\api-ms-win-core-libraryloader-l1-1-0.dll
0x000001dde28f0000 - 0x000001dde28f3000 	C:\Users\josant\.openjfx\cache\19+11\amd64\api-ms-win-core-localization-l1-2-0.dll
0x000001dde2900000 - 0x000001dde2903000 	C:\Users\josant\.openjfx\cache\19+11\amd64\api-ms-win-core-memory-l1-1-0.dll
0x000001dde2910000 - 0x000001dde2913000 	C:\Users\josant\.openjfx\cache\19+11\amd64\api-ms-win-core-namedpipe-l1-1-0.dll
0x000001dde2920000 - 0x000001dde2923000 	C:\Users\josant\.openjfx\cache\19+11\amd64\api-ms-win-core-processenvironment-l1-1-0.dll
0x000001dde2930000 - 0x000001dde2933000 	C:\Users\josant\.openjfx\cache\19+11\amd64\api-ms-win-core-processthreads-l1-1-0.dll
0x000001dde2940000 - 0x000001dde2943000 	C:\Users\josant\.openjfx\cache\19+11\amd64\api-ms-win-core-processthreads-l1-1-1.dll
0x000001dde2950000 - 0x000001dde2953000 	C:\Users\josant\.openjfx\cache\19+11\amd64\api-ms-win-core-profile-l1-1-0.dll
0x000001dde2960000 - 0x000001dde2963000 	C:\Users\josant\.openjfx\cache\19+11\amd64\api-ms-win-core-rtlsupport-l1-1-0.dll
0x000001dde2970000 - 0x000001dde2973000 	C:\Users\josant\.openjfx\cache\19+11\amd64\api-ms-win-core-string-l1-1-0.dll
0x000001dde2980000 - 0x000001dde2983000 	C:\Users\josant\.openjfx\cache\19+11\amd64\api-ms-win-core-synch-l1-1-0.dll
0x000001dde2990000 - 0x000001dde2993000 	C:\Users\josant\.openjfx\cache\19+11\amd64\api-ms-win-core-synch-l1-2-0.dll
0x000001dde29a0000 - 0x000001dde29a3000 	C:\Users\josant\.openjfx\cache\19+11\amd64\api-ms-win-core-sysinfo-l1-1-0.dll
0x000001dde29b0000 - 0x000001dde29b3000 	C:\Users\josant\.openjfx\cache\19+11\amd64\api-ms-win-core-timezone-l1-1-0.dll
0x000001dde29c0000 - 0x000001dde29c3000 	C:\Users\josant\.openjfx\cache\19+11\amd64\api-ms-win-core-util-l1-1-0.dll
0x000001dde29d0000 - 0x000001dde29d3000 	C:\Users\josant\.openjfx\cache\19+11\amd64\api-ms-win-crt-conio-l1-1-0.dll
0x000001dde29e0000 - 0x000001dde29e4000 	C:\Users\josant\.openjfx\cache\19+11\amd64\api-ms-win-crt-convert-l1-1-0.dll
0x000001dde29f0000 - 0x000001dde29f3000 	C:\Users\josant\.openjfx\cache\19+11\amd64\api-ms-win-crt-environment-l1-1-0.dll
0x000001dde2a00000 - 0x000001dde2a03000 	C:\Users\josant\.openjfx\cache\19+11\amd64\api-ms-win-crt-filesystem-l1-1-0.dll
0x000001dde2a10000 - 0x000001dde2a13000 	C:\Users\josant\.openjfx\cache\19+11\amd64\api-ms-win-crt-heap-l1-1-0.dll
0x000001dde2a20000 - 0x000001dde2a23000 	C:\Users\josant\.openjfx\cache\19+11\amd64\api-ms-win-crt-locale-l1-1-0.dll
0x000001dde2a30000 - 0x000001dde2a35000 	C:\Users\josant\.openjfx\cache\19+11\amd64\api-ms-win-crt-math-l1-1-0.dll
0x000001dde2a40000 - 0x000001dde2a45000 	C:\Users\josant\.openjfx\cache\19+11\amd64\api-ms-win-crt-multibyte-l1-1-0.dll
0x000001dde2a50000 - 0x000001dde2a60000 	C:\Users\josant\.openjfx\cache\19+11\amd64\api-ms-win-crt-private-l1-1-0.dll
0x000001dde2a60000 - 0x000001dde2a63000 	C:\Users\josant\.openjfx\cache\19+11\amd64\api-ms-win-crt-process-l1-1-0.dll
0x000001dde2a70000 - 0x000001dde2a74000 	C:\Users\josant\.openjfx\cache\19+11\amd64\api-ms-win-crt-runtime-l1-1-0.dll
0x000001dde2a80000 - 0x000001dde2a84000 	C:\Users\josant\.openjfx\cache\19+11\amd64\api-ms-win-crt-stdio-l1-1-0.dll
0x000001dde2a90000 - 0x000001dde2a94000 	C:\Users\josant\.openjfx\cache\19+11\amd64\api-ms-win-crt-string-l1-1-0.dll
0x000001dde2aa0000 - 0x000001dde2aa3000 	C:\Users\josant\.openjfx\cache\19+11\amd64\api-ms-win-crt-time-l1-1-0.dll
0x000001dde2ab0000 - 0x000001dde2ab3000 	C:\Users\josant\.openjfx\cache\19+11\amd64\api-ms-win-crt-utility-l1-1-0.dll
0x00007ff86c7f0000 - 0x00007ff86c8ec000 	C:\Users\josant\.openjfx\cache\19+11\amd64\ucrtbase.dll
0x00007ff875600000 - 0x00007ff87561b000 	C:\Users\josant\.openjfx\cache\19+11\amd64\vcruntime140.dll
0x00007ff8752e0000 - 0x00007ff8752ec000 	C:\Users\josant\.openjfx\cache\19+11\amd64\vcruntime140_1.dll
0x00007ff86c0a0000 - 0x00007ff86c12e000 	C:\Users\josant\.openjfx\cache\19+11\amd64\msvcp140.dll
0x00007ff8752d0000 - 0x00007ff8752d9000 	C:\Users\josant\.openjfx\cache\19+11\amd64\msvcp140_1.dll
0x00007ff8751c0000 - 0x00007ff8751f0000 	C:\Users\josant\.openjfx\cache\19+11\amd64\msvcp140_2.dll
0x00007ff86d620000 - 0x00007ff86d64c000 	C:\Users\josant\.openjfx\cache\19+11\amd64\prism_d3d.dll
0x00007ff86a910000 - 0x00007ff86aab8000 	C:\Windows\system32\d3d9.dll
0x00007ff8823c0000 - 0x00007ff8823eb000 	C:\Windows\SYSTEM32\dwmapi.dll
0x00007ff882250000 - 0x00007ff882287000 	C:\Windows\SYSTEM32\dxcore.dll
0x00007ff882120000 - 0x00007ff8821d1000 	C:\Windows\system32\uxtheme.dll
0x00007ff865e20000 - 0x00007ff865ed0000 	C:\Windows\SYSTEM32\d3d9on12.dll
0x00007ff8822b0000 - 0x00007ff8823a7000 	C:\Windows\SYSTEM32\dxgi.dll
0x00007ff86c7c0000 - 0x00007ff86c7e6000 	C:\Windows\SYSTEM32\d3d12.dll
0x00007ff884e90000 - 0x00007ff884ede000 	C:\Windows\SYSTEM32\cfgmgr32.dll
0x00007ff829c00000 - 0x00007ff829e02000 	C:\Windows\SYSTEM32\D3D12Core.dll
0x00007ff8661c0000 - 0x00007ff8661e7000 	C:\Windows\System32\DriverStore\FileRepository\iigd_dch.inf_amd64_9741ef1f4093481f\igd12umd64.dll
0x00007ff80c0e0000 - 0x00007ff80cd99000 	C:\Windows\System32\DriverStore\FileRepository\iigd_dch.inf_amd64_9741ef1f4093481f\igd12um64xel.dll
0x00007ff8858b0000 - 0x00007ff885a16000 	C:\Windows\System32\CRYPT32.dll
0x00007ff887410000 - 0x00007ff8875b5000 	C:\Windows\System32\ole32.dll
0x00007ff8726f0000 - 0x00007ff872734000 	C:\Windows\SYSTEM32\ControlLib.dll
0x00007ff8869e0000 - 0x00007ff886e54000 	C:\Windows\System32\SETUPAPI.dll
0x00007ff884e60000 - 0x00007ff884e8c000 	C:\Windows\SYSTEM32\DEVOBJ.dll
0x00007ff876750000 - 0x00007ff8767d8000 	C:\Windows\System32\DriverStore\FileRepository\iigd_dch.inf_amd64_9741ef1f4093481f\IntelControlLib.dll
0x00007ff8852c0000 - 0x00007ff88532c000 	C:\Windows\System32\WINTRUST.dll
0x00007ff884aa0000 - 0x00007ff884ab2000 	C:\Windows\SYSTEM32\MSASN1.dll
0x00007ff87b8e0000 - 0x00007ff87b929000 	C:\Windows\SYSTEM32\directxdatabasehelper.dll
0x00007ff876330000 - 0x00007ff876747000 	C:\Windows\System32\DriverStore\FileRepository\iigd_dch.inf_amd64_9741ef1f4093481f\igdgmm64.dll
0x00007ff86e150000 - 0x00007ff871e4c000 	C:\Windows\System32\DriverStore\FileRepository\iigd_dch.inf_amd64_9741ef1f4093481f\igc64.dll
0x00007ff866190000 - 0x00007ff8661bf000 	C:\Windows\SYSTEM32\D3DSCache.dll
0x00007ff8847a0000 - 0x00007ff8847c8000 	C:\Windows\SYSTEM32\USERENV.dll
0x00007ff80ad30000 - 0x00007ff80c0d5000 	C:\Windows\System32\DriverStore\FileRepository\iigd_dch.inf_amd64_9741ef1f4093481f\igd12dxva64.dll
0x00007ff825b70000 - 0x00007ff827890000 	C:\Windows\System32\DriverStore\FileRepository\iigd_dch.inf_amd64_9741ef1f4093481f\media_bin_64.dll
0x00007ff828890000 - 0x00007ff8288b7000 	C:\Windows\System32\DriverStore\FileRepository\iigd_dch.inf_amd64_9741ef1f4093481f\igdinfo64.dll
0x00007ff879360000 - 0x00007ff879604000 	C:\Windows\SYSTEM32\twinapi.appcore.dll
0x00007ff865dd0000 - 0x00007ff865e12000 	C:\Users\josant\.openjfx\cache\19+11\amd64\glass.dll

dbghelp: loaded successfully - version: 4.0.5 - missing functions: none
symbol engine: initialized successfully - sym options: 0x614 - pdb path: .;C:\Users\josant\.jdks\openjdk-21.0.2\bin;C:\Windows\SYSTEM32;C:\Windows\WinSxS\amd64_microsoft.windows.common-controls_6595b64144ccf1df_6.0.22621.4391_none_2715d37f73803e96;C:\Users\josant\.jdks\openjdk-21.0.2\bin\server;C:\Users\josant\.openjfx\cache\19+11\amd64;C:\Windows\System32\DriverStore\FileRepository\iigd_dch.inf_amd64_9741ef1f4093481f;C:\Program Files\Common Files\Microsoft Shared\Ink;C:\Windows\WinSxS\amd64_microsoft.windows.gdiplus_6595b64144ccf1df_1.1.22621.4455_none_57fc69f8ce16b9dd;C:\Users\josant\AppData\Local\Microsoft\OneDrive\24.216.1027.0003

VM Arguments:
jvm_args: -agentlib:jdwp=transport=dt_socket,address=127.0.0.1:52044,suspend=y,server=n -javaagent:C:\Users\josant\AppData\Local\JetBrains\IntelliJIdea2023.3\captureAgent\debugger-agent.jar -Dfile.encoding=UTF-8 -Dsun.stdout.encoding=UTF-8 -Dsun.stderr.encoding=UTF-8 --module-path=C:\Users\josant\IdeaProjects\PixelStore2\target\classes;C:\Users\josant\.m2\repository\com\sun\activation\jakarta.activation\2.0.1\jakarta.activation-2.0.1.jar;C:\Users\josant\.m2\repository\org\glassfish\jaxb\jaxb-core\3.0.1\jaxb-core-3.0.1.jar;C:\Users\josant\.m2\repository\org\openjfx\javafx-fxml\19\javafx-fxml-19-win.jar;C:\Users\josant\.m2\repository\org\glassfish\jaxb\txw2\3.0.1\txw2-3.0.1.jar;C:\Users\josant\.m2\repository\org\openjfx\javafx-graphics\19\javafx-graphics-19-win.jar;C:\Users\josant\.m2\repository\com\sun\istack\istack-commons-runtime\4.0.1\istack-commons-runtime-4.0.1.jar;C:\Users\josant\.m2\repository\jakarta\xml\bind\jakarta.xml.bind-api\3.0.1\jakarta.xml.bind-api-3.0.1.jar;C:\Users\josant\.m2\repository\org\openjfx\javafx-controls\19\javafx-controls-19-win.jar;C:\Users\josant\.m2\repository\org\openjfx\javafx-base\19\javafx-base-19-win.jar;C:\Users\josant\.m2\repository\org\glassfish\jaxb\jaxb-runtime\3.0.1\jaxb-runtime-3.0.1.jar -Djdk.module.main=org.example 
java_command: org.example/org.example.App
java_class_path (initial): C:\Users\josant\.m2\repository\org\openjfx\javafx-controls\19\javafx-controls-19.jar;C:\Users\josant\.m2\repository\org\openjfx\javafx-graphics\19\javafx-graphics-19.jar;C:\Users\josant\.m2\repository\org\openjfx\javafx-base\19\javafx-base-19.jar;C:\Users\josant\.m2\repository\org\openjfx\javafx-fxml\19\javafx-fxml-19.jar;C:\Users\josant\.m2\repository\com\mysql\mysql-connector-j\8.0.33\mysql-connector-j-8.0.33.jar;C:\Users\josant\.m2\repository\com\google\protobuf\protobuf-java\3.21.9\protobuf-java-3.21.9.jar;C:\Users\josant\.m2\repository\org\eclipse\persistence\org.eclipse.persistence.moxy\2.7.11\org.eclipse.persistence.moxy-2.7.11.jar;C:\Users\josant\.m2\repository\org\eclipse\persistence\org.eclipse.persistence.core\2.7.11\org.eclipse.persistence.core-2.7.11.jar;C:\Users\josant\.m2\repository\org\eclipse\persistence\org.eclipse.persistence.asm\9.3.0\org.eclipse.persistence.asm-9.3.0.jar;C:\Users\josant\.m2\repository\org\codehaus\woodstox\woodstox-core-asl\4.4.1\woodstox-core-asl-4.4.1.jar;C:\Users\josant\.m2\repository\javax\xml\stream\stax-api\1.0-2\stax-api-1.0-2.jar;C:\Users\josant\.m2\repository\org\codehaus\woodstox\stax2-api\3.1.4\stax2-api-3.1.4.jar;C:\Program Files\JetBrains\IntelliJ IDEA 2023.3.4\lib\idea_rt.jar
Launcher Type: SUN_STANDARD

[Global flags]
     intx CICompilerCount                          = 4                                         {product} {ergonomic}
     uint ConcGCThreads                            = 3                                         {product} {ergonomic}
     uint G1ConcRefinementThreads                  = 10                                        {product} {ergonomic}
   size_t G1HeapRegionSize                         = 2097152                                   {product} {ergonomic}
    uintx GCDrainStackTargetSize                   = 64                                        {product} {ergonomic}
   size_t InitialHeapSize                          = 264241152                                 {product} {ergonomic}
   size_t MarkStackSize                            = 4194304                                   {product} {ergonomic}
   size_t MaxHeapSize                              = 4213178368                                {product} {ergonomic}
   size_t MaxNewSize                               = 2527068160                                {product} {ergonomic}
   size_t MinHeapDeltaBytes                        = 2097152                                   {product} {ergonomic}
   size_t MinHeapSize                              = 8388608                                   {product} {ergonomic}
    uintx NonNMethodCodeHeapSize                   = 5839372                                {pd product} {ergonomic}
    uintx NonProfiledCodeHeapSize                  = 122909434                              {pd product} {ergonomic}
    uintx ProfiledCodeHeapSize                     = 122909434                              {pd product} {ergonomic}
    uintx ReservedCodeCacheSize                    = 251658240                              {pd product} {ergonomic}
     bool SegmentedCodeCache                       = true                                      {product} {ergonomic}
   size_t SoftMaxHeapSize                          = 4213178368                             {manageable} {ergonomic}
     bool UseCompressedOops                        = true                           {product lp64_product} {ergonomic}
     bool UseG1GC                                  = true                                      {product} {ergonomic}
     bool UseLargePagesIndividualAllocation        = false                                  {pd product} {ergonomic}

Logging:
Log output configuration:
 #0: stdout all=off uptime,level,tags foldmultilines=false
 #1: stderr all=off uptime,level,tags foldmultilines=false

Environment Variables:
JAVA_HOME=C:\Program Files\Java
PATH=C:\Program Files\Common Files\Oracle\Java\javapath;C:\Program Files (x86)\Common Files\Oracle\Java\java8path;C:\Program Files (x86)\Common Files\Oracle\Java\javapath;C:\Program Files (x86)\VMware\VMware Player\bin\;C:\Windows\system32;C:\Windows;C:\Windows\System32\Wbem;C:\Windows\System32\WindowsPowerShell\v1.0\;C:\Windows\System32\OpenSSH\;C:\Program Files\Git\cmd;C:\Program Files\GitHub CLI\;C:\Program Files\Docker\Docker\resources\bin;C:\Program Files\nodejs\;C:\Program Files\Java\bin;C:\Program Files\dotnet\;C:\Users\josant\AppData\Local\Microsoft\WindowsApps;C:\Users\josant\AppData\Local\Programs\Microsoft VS Code\bin;C:\Users\josant\AppData\Roaming\npm;C:\Users\josant\.dotnet\tools
USERNAME=josant
OS=Windows_NT
PROCESSOR_IDENTIFIER=Intel64 Family 6 Model 154 Stepping 4, GenuineIntel
TMP=C:\Users\josant\AppData\Local\Temp
TEMP=C:\Users\josant\AppData\Local\Temp




Periodic native trim disabled

---------------  S Y S T E M  ---------------

OS:
 Windows 11 , 64 bit Build 22621 (10.0.22621.4391)
OS uptime: 15 days 11:48 hours
Hyper-V role detected

CPU: total 12 (initial active 12) (6 cores per cpu, 2 threads per core) family 6 model 154 stepping 4 microcode 0x42c, cx8, cmov, fxsr, ht, mmx, 3dnowpref, sse, sse2, sse3, ssse3, sse4.1, sse4.2, popcnt, lzcnt, tsc, tscinvbit, avx, avx2, aes, erms, clmul, bmi1, bmi2, adx, sha, fma, vzeroupper, clflush, clflushopt, clwb, hv, serialize, rdtscp, rdpid, fsrm, f16c, cet_ibt, cet_ss
Processor Information for processor 0
  Max Mhz: 1300, Current Mhz: 1300, Mhz Limit: 1300
Processor Information for processor 1
  Max Mhz: 1300, Current Mhz: 1300, Mhz Limit: 1300
Processor Information for processor 2
  Max Mhz: 1300, Current Mhz: 1300, Mhz Limit: 1300
Processor Information for processor 3
  Max Mhz: 1300, Current Mhz: 1300, Mhz Limit: 1300
Processor Information for processor 4
  Max Mhz: 1300, Current Mhz: 900, Mhz Limit: 897
Processor Information for processor 5
  Max Mhz: 1300, Current Mhz: 900, Mhz Limit: 897
Processor Information for processor 6
  Max Mhz: 1300, Current Mhz: 900, Mhz Limit: 897
Processor Information for processor 7
  Max Mhz: 1300, Current Mhz: 900, Mhz Limit: 897
Processor Information for processor 8
  Max Mhz: 1300, Current Mhz: 900, Mhz Limit: 897
Processor Information for processor 9
  Max Mhz: 1300, Current Mhz: 900, Mhz Limit: 897
Processor Information for processor 10
  Max Mhz: 1300, Current Mhz: 900, Mhz Limit: 897
Processor Information for processor 11
  Max Mhz: 1300, Current Mhz: 900, Mhz Limit: 897

Memory: 4k page, system-wide physical 16069M (6308M free)
TotalPageFile size 19525M (AvailPageFile size 7665M)
current process WorkingSet (physical memory assigned to process): 404M, peak: 420M
current process commit charge ("private bytes"): 442M, peak: 540M

vm_info: OpenJDK 64-Bit Server VM (21.0.2+13-58) for windows-amd64 JRE (21.0.2+13-58), built on 2024-01-05T18:32:24Z by "mach5one" with MS VC++ 17.1 (VS2022)

END.
