#
# A fatal error has been detected by the Java Runtime Environment:
#
#  EXCEPTION_ACCESS_VIOLATION (0xc0000005) at pc=0x00007ffa446563b7, pid=6744, tid=8696
#
# JRE version: OpenJDK Runtime Environment (23.0+37) (build 23+37-2369)
# Java VM: OpenJDK 64-Bit Server VM (23+37-2369, mixed mode, sharing, tiered, compressed oops, compressed class ptrs, g1 gc, windows-amd64)
# Problematic frame:
# C  [glass.dll+0x263b7]
#
# No core dump will be written. Minidumps are not enabled by default on client versions of Windows
#
# If you would like to submit a bug report, please visit:
#   https://bugreport.java.com/bugreport/crash.jsp
#

---------------  S U M M A R Y ------------

Command Line: -agentlib:jdwp=transport=dt_socket,address=127.0.0.1:53397,suspend=y,server=n -Dfile.encoding=UTF-8 -Dsun.stdout.encoding=UTF-8 -Dsun.stderr.encoding=UTF-8 --module-path=C:\Users\Washi\.m2\repository\org\glassfish\jaxb\txw2\3.0.1\txw2-3.0.1.jar;C:\Users\Washi\.m2\repository\org\glassfish\jaxb\jaxb-core\3.0.1\jaxb-core-3.0.1.jar;C:\Users\Washi\.m2\repository\org\openjfx\javafx-fxml\19\javafx-fxml-19-win.jar;C:\Users\Washi\.m2\repository\org\openjfx\javafx-base\19\javafx-base-19-win.jar;C:\Users\Washi\.m2\repository\org\openjfx\javafx-graphics\19\javafx-graphics-19-win.jar;C:\Users\Washi\.m2\repository\org\glassfish\jaxb\jaxb-runtime\3.0.1\jaxb-runtime-3.0.1.jar;C:\Users\Washi\IdeaProjects\PixelStore2\target\classes;C:\Users\Washi\.m2\repository\com\sun\activation\jakarta.activation\2.0.1\jakarta.activation-2.0.1.jar;C:\Users\Washi\.m2\repository\com\sun\istack\istack-commons-runtime\4.0.1\istack-commons-runtime-4.0.1.jar;C:\Users\Washi\.m2\repository\jakarta\xml\bind\jakarta.xml.bind-api\3.0.1\jakarta.xml.bind-api-3.0.1.jar;C:\Users\Washi\.m2\repository\org\openjfx\javafx-controls\19\javafx-controls-19-win.jar -Djdk.module.main=org.example org.example/org.example.App

Host: 11th Gen Intel(R) Core(TM) i3-1115G4 @ 3.00GHz, 4 cores, 7G,  Windows 10 , 64 bit Build 19041 (10.0.19041.3636)
Time: Fri Nov 29 08:59:38 2024 Hora estándar romance elapsed time: 160.528967 seconds (0d 0h 2m 40s)

---------------  T H R E A D  ---------------

Current thread (0x000001efb0b96d60):  VMThread "VM Thread"          [id=8696, stack(0x0000003c32600000,0x0000003c32700000) (1024K)]

Stack: [0x0000003c32600000,0x0000003c32700000],  sp=0x0000003c326ff260,  free space=1020k
Native frames: (J=compiled Java code, j=interpreted, Vv=VM code, C=native code)
C  [glass.dll+0x263b7]  (no source info available)
C  [ucrtbase.dll+0x142d6]  (no source info available)
C  [ucrtbase.dll+0x141fb]  (no source info available)
C  [ucrtbase.dll+0x141b4]  (no source info available)
C  [glass.dll+0x23b7d]  (no source info available)
C  [glass.dll+0x23ca2]  (no source info available)
C  [ntdll.dll+0x19a1d]  (no source info available)
C  [ntdll.dll+0x5dcda]  (no source info available)
C  [ntdll.dll+0x5da8d]  (no source info available)
C  [KERNEL32.DLL+0x1e3bb]  (no source info available)
C  [ucrtbase.dll+0x205bc]  (no source info available)
C  [ucrtbase.dll+0x2045f]  (no source info available)
V  [jvm.dll+0x6d98fc]  (no source info available)
V  [jvm.dll+0x6d9430]  (no source info available)
V  [jvm.dll+0x3da534]  (no source info available)
V  [jvm.dll+0x886500]  (no source info available)
V  [jvm.dll+0x887827]  (no source info available)
V  [jvm.dll+0x887d58]  (no source info available)
V  [jvm.dll+0x887ff3]  (no source info available)
V  [jvm.dll+0x824f1b]  (no source info available)
V  [jvm.dll+0x6df055]  (no source info available)
C  [ucrtbase.dll+0x21bb2]  (no source info available)
C  [KERNEL32.DLL+0x17344]  (no source info available)
C  [ntdll.dll+0x526b1]  (no source info available)


siginfo: EXCEPTION_ACCESS_VIOLATION (0xc0000005), reading address 0x0000000000000000


Registers:
RAX=0x0000000000000000, RBX=0x000001eff65d9d02, RCX=0x000001efb0b96d60, RDX=0x0000003c326ff260
RSP=0x0000003c326ff260, RBP=0x000001eff6806ad8, RSI=0x000001eff6806ab0, RDI=0x0000e3905a50aa96
R8 =0x0000000000010002, R9 =0x0000e3905a50aa96, R10=0x0000000000008000, R11=0x0000003c326ff1f0
R12=0x00007ffa44653cf0, R13=0x00007ffa1eccb760, R14=0x0000003c326ff358, R15=0x000001eff6806ab0
RIP=0x00007ffa446563b7, EFLAGS=0x0000000000010202


Register to memory mapping:

RAX=0x0 is null
RBX=0x000001eff65d9d02 is a global jni handle
RCX=0x000001efb0b96d60 points into unknown readable memory: 0x00007ffa1eacf698 | 98 f6 ac 1e fa 7f 00 00
RDX=0x0000003c326ff260 points into unknown readable memory: 0x0000000000000000 | 00 00 00 00 00 00 00 00
RSP=0x0000003c326ff260 points into unknown readable memory: 0x0000000000000000 | 00 00 00 00 00 00 00 00
RBP=0x000001eff6806ad8 points into unknown readable memory: 0x0000e3905a50aa96 | 96 aa 50 5a 90 e3 00 00
RSI=0x000001eff6806ab0 points into unknown readable memory: 0xfe91fade5850aa89 | 89 aa 50 58 de fa 91 fe
RDI=0x0000e3905a50aa96 is an unknown value
R8 =0x0000000000010002 is an unknown value
R9 =0x0000e3905a50aa96 is an unknown value
R10=0x0000000000008000 is an unknown value
R11=0x0000003c326ff1f0 points into unknown readable memory: 0x000001eff6806ab0 | b0 6a 80 f6 ef 01 00 00
R12=0x00007ffa44653cf0 glass.dll
R13=0x00007ffa1eccb760 jvm.dll
R14=0x0000003c326ff358 points into unknown readable memory: 0x0000003c326ff340 | 40 f3 6f 32 3c 00 00 00
R15=0x000001eff6806ab0 points into unknown readable memory: 0xfe91fade5850aa89 | 89 aa 50 58 de fa 91 fe

Top of Stack: (sp=0x0000003c326ff260)
0x0000003c326ff260:   0000000000000000 000001eff6806ab0
0x0000003c326ff270:   00007ffa1eccb760 00007ffa44653cf0
0x0000003c326ff280:   000001eff6806ab8 00007ffa8fe242d6
0x0000003c326ff290:   0000e3905a50aa96 000001ef00000000
0x0000003c326ff2a0:   000001eff6806ad8 000001eff6806ab0
0x0000003c326ff2b0:   fffffffffffffffe 0000000000000000
0x0000003c326ff2c0:   0000000000000001 00007ffa44630000
0x0000003c326ff2d0:   0000003c326ff348 00007ffa8fe241fb
0x0000003c326ff2e0:   0000000000000000 0000003c326ff358
0x0000003c326ff2f0:   0000003c326ff630 00007ffa8ff00e40
0x0000003c326ff300:   0000000000000001 00007ffa8fe241b4
0x0000003c326ff310:   0000000000000000 0000000000000001
0x0000003c326ff320:   00007ffa00000001 0000003c326ff348
0x0000003c326ff330:   0000000000000000 00007ffa44653b7d
0x0000003c326ff340:   00007ffa44669f88 00007ffa00000002
0x0000003c326ff350:   0000000000000002 0000003c326ff340
0x0000003c326ff360:   0000000000000000 00007ffa91ee9993
0x0000003c326ff370:   0000000000000000 00007ffa44653ca2
0x0000003c326ff380:   0000000000000001 0000000000000000
0x0000003c326ff390:   0000000000000070 0000000000000001
0x0000003c326ff3a0:   00007ffa7dd3bb60 0000000000000000
0x0000003c326ff3b0:   0000000000000001 00007ffa7dd3c070
0x0000003c326ff3c0:   00007ffa44630000 000000007ffe0384
0x0000003c326ff3d0:   0000000000000000 00007ffa91ee9a1d
0x0000003c326ff3e0:   00007ffa44630000 0000000000000000
0x0000003c326ff3f0:   0000000000000001 000000007ffe0385
0x0000003c326ff400:   0000000000000000 00007ffa91f2de41
0x0000003c326ff410:   00005ca1c50c2600 0000000000000014
0x0000003c326ff420:   00007ffa44653cf0 0000000000000000
0x0000003c326ff430:   0000000000000000 0000003c31a5b000
0x0000003c326ff440:   000001eff6a859b0 00007ffa91f2dcda
0x0000003c326ff450:   000001eff6a86a30 00007ffa44630000 

Instructions: (pc=0x00007ffa446563b7)
0x00007ffa446562b7:   8b 4d 58 e8 7d cf ff ff 48 8b 4d 60 e8 74 cf ff
0x00007ffa446562c7:   ff 48 8b 95 80 00 00 00 48 8b 8d 18 01 00 00 e8
0x00007ffa446562d7:   66 c4 ff ff 33 d2 33 c9 e8 bc e1 ff ff 90 48 89
0x00007ffa446562e7:   54 24 10 55 48 83 ec 20 48 8b ea 48 b8 00 00 00
0x00007ffa446562f7:   00 00 00 00 00 48 83 c4 20 5d c3 cc 40 55 48 8b
0x00007ffa44656307:   ea 48 8b 01 33 c9 81 38 05 00 00 c0 0f 94 c1 8b
0x00007ffa44656317:   c1 5d c3 cc 40 55 48 83 ec 20 48 8b ea 8a 4d 40
0x00007ffa44656327:   48 83 c4 20 5d e9 63 d3 ff ff cc 40 55 48 83 ec
0x00007ffa44656337:   20 48 8b ea 8a 4d 20 e8 51 d3 ff ff 90 48 83 c4
0x00007ffa44656347:   20 5d c3 cc 40 55 48 83 ec 20 48 8b ea 48 83 c4
0x00007ffa44656357:   20 5d e9 b2 d1 ff ff cc 40 55 48 83 ec 30 48 8b
0x00007ffa44656367:   ea 48 8b 01 8b 10 48 89 4c 24 28 89 54 24 20 4c
0x00007ffa44656377:   8d 0d 53 d6 ff ff 4c 8b 45 70 8b 55 68 48 8b 4d
0x00007ffa44656387:   60 e8 f3 d0 ff ff 90 48 83 c4 30 5d c3 cc cc cc
0x00007ffa44656397:   cc cc cc cc cc cc cc cc cc 40 53 48 83 ec 20 48
0x00007ffa446563a7:   8b 1d db 35 01 00 48 85 db 74 16 e8 79 8b ff ff
0x00007ffa446563b7:   4c 8b 00 48 8b d3 48 8b c8 41 ff 90 b0 00 00 00
0x00007ffa446563c7:   90 48 83 c4 20 5b c3 cc cc 40 53 48 83 ec 20 48
0x00007ffa446563d7:   8b 1d 4b 37 01 00 48 85 db 74 57 b8 ff ff ff ff
0x00007ffa446563e7:   f0 0f c1 43 10 83 f8 01 75 3d 48 85 db 74 38 48
0x00007ffa446563f7:   8b 0b 48 85 c9 74 0d ff 15 a4 0e 00 00 48 c7 03
0x00007ffa44656407:   00 00 00 00 48 8b 4b 08 48 85 c9 74 0d e8 23 ce
0x00007ffa44656417:   ff ff 48 c7 43 08 00 00 00 00 ba 18 00 00 00 48
0x00007ffa44656427:   8b cb e8 0e ce ff ff 48 c7 05 ef 36 01 00 00 00
0x00007ffa44656437:   00 00 48 83 c4 20 5b c3 cc 40 53 48 83 ec 20 48
0x00007ffa44656447:   8b 1d bb 36 01 00 48 85 db 74 57 b8 ff ff ff ff
0x00007ffa44656457:   f0 0f c1 43 10 83 f8 01 75 3d 48 85 db 74 38 48
0x00007ffa44656467:   8b 0b 48 85 c9 74 0d ff 15 34 0e 00 00 48 c7 03
0x00007ffa44656477:   00 00 00 00 48 8b 4b 08 48 85 c9 74 0d e8 b3 cd
0x00007ffa44656487:   ff ff 48 c7 43 08 00 00 00 00 ba 18 00 00 00 48
0x00007ffa44656497:   8b cb e8 9e cd ff ff 48 c7 05 5f 36 01 00 00 00
0x00007ffa446564a7:   00 00 48 83 c4 20 5b c3 cc 40 53 48 83 ec 20 48 


Stack slot to memory mapping:

stack at sp + 0 slots: 0x0 is null
stack at sp + 1 slots: 0x000001eff6806ab0 points into unknown readable memory: 0xfe91fade5850aa89 | 89 aa 50 58 de fa 91 fe
stack at sp + 2 slots: 0x00007ffa1eccb760 jvm.dll
stack at sp + 3 slots: 0x00007ffa44653cf0 glass.dll
stack at sp + 4 slots: 0x000001eff6806ab8 points into unknown readable memory: 0x0000e3905a50aa96 | 96 aa 50 5a 90 e3 00 00
stack at sp + 5 slots: 0x00007ffa8fe242d6 ucrtbase.dll
stack at sp + 6 slots: 0x0000e3905a50aa96 is an unknown value
stack at sp + 7 slots: 0x000001ef00000000 is an unknown value

VM_Operation (0x0000003c31dff370): Exit, mode: safepoint, requested by thread 0x000001eff615ac40


---------------  P R O C E S S  ---------------

Threads class SMR info:
_java_thread_list=0x000001ef80729a50, length=20, elements={
0x000001ef92512670, 0x000001efb0baf740, 0x000001efb0bb1620, 0x000001efb0bb5090,
0x000001efb0bb6440, 0x000001efb0bb77f0, 0x000001efb0bc9540, 0x000001efb0bca550,
0x000001eff60b1b40, 0x000001eff6349b20, 0x000001eff63b1040, 0x000001eff6a80a30,
0x000001eff6dac8f0, 0x000001eff6d9f390, 0x000001eff70a29f0, 0x000001eff7068340,
0x000001eff76d8890, 0x000001eff76d8200, 0x000001eff76d6e50, 0x000001eff615ac40
}

Java Threads: ( => current thread )
  0x000001ef92512670 JavaThread "main"                              [_thread_blocked, id=10996, stack(0x0000003c31f00000,0x0000003c32000000) (1024K)]
  0x000001efb0baf740 JavaThread "Reference Handler"          daemon [_thread_blocked, id=17404, stack(0x0000003c32800000,0x0000003c32900000) (1024K)]
  0x000001efb0bb1620 JavaThread "Finalizer"                  daemon [_thread_blocked, id=9368, stack(0x0000003c32900000,0x0000003c32a00000) (1024K)]
  0x000001efb0bb5090 JavaThread "Attach Listener"            daemon [_thread_blocked, id=17136, stack(0x0000003c32b00000,0x0000003c32c00000) (1024K)]
  0x000001efb0bb6440 JavaThread "Service Thread"             daemon [_thread_blocked, id=15884, stack(0x0000003c32c00000,0x0000003c32d00000) (1024K)]
  0x000001efb0bb77f0 JavaThread "Monitor Deflation Thread"   daemon [_thread_blocked, id=16676, stack(0x0000003c32d00000,0x0000003c32e00000) (1024K)]
  0x000001efb0bc9540 JavaThread "C2 CompilerThread0"         daemon [_thread_blocked, id=1324, stack(0x0000003c32e00000,0x0000003c32f00000) (1024K)]
  0x000001efb0bca550 JavaThread "C1 CompilerThread0"         daemon [_thread_blocked, id=6048, stack(0x0000003c32f00000,0x0000003c33000000) (1024K)]
  0x000001eff60b1b40 JavaThread "Common-Cleaner"             daemon [_thread_blocked, id=7100, stack(0x0000003c33000000,0x0000003c33100000) (1024K)]
  0x000001eff6349b20 JavaThread "JDWP Event Helper Thread"   daemon [_thread_blocked, id=12124, stack(0x0000003c33300000,0x0000003c33400000) (1024K)]
  0x000001eff63b1040 JavaThread "Notification Thread"        daemon [_thread_blocked, id=5460, stack(0x0000003c33500000,0x0000003c33600000) (1024K)]
  0x000001eff6a80a30 JavaThread "QuantumRenderer-0"          daemon [_thread_blocked, id=3536, stack(0x0000003c33100000,0x0000003c33200000) (1024K)]
  0x000001eff6dac8f0 JavaThread "InvokeLaterDispatcher"      daemon [_thread_blocked, id=3316, stack(0x0000003c33900000,0x0000003c33a00000) (1024K)]
  0x000001eff6d9f390 JavaThread "JavaFX Application Thread"         [_thread_blocked, id=4448, stack(0x0000003c33a00000,0x0000003c33b00000) (1024K)]
  0x000001eff70a29f0 JavaThread "Thread-1"                   daemon [_thread_in_native, id=5624, stack(0x0000003c33e00000,0x0000003c33f00000) (1024K)]
  0x000001eff7068340 JavaThread "JavaFX-Launcher"                   [_thread_blocked, id=6696, stack(0x0000003c33f00000,0x0000003c34000000) (1024K)]
  0x000001eff76d8890 JavaThread "Prism Font Disposer"        daemon [_thread_blocked, id=16972, stack(0x0000003c34400000,0x0000003c34500000) (1024K)]
  0x000001eff76d8200 JavaThread "Cleaner-0"                  daemon [_thread_blocked, id=13376, stack(0x0000003c34600000,0x0000003c34700000) (1024K)]
  0x000001eff76d6e50 JavaThread "mysql-cj-abandoned-connection-cleanup" daemon [_thread_blocked, id=8012, stack(0x0000003c34000000,0x0000003c34100000) (1024K)]
  0x000001eff615ac40 JavaThread "SIGINT handler"             daemon [_thread_blocked, id=16448, stack(0x0000003c31d00000,0x0000003c31e00000) (1024K)]
Total: 20

Other Threads:
=>0x000001efb0b96d60 VMThread "VM Thread"                           [id=8696, stack(0x0000003c32600000,0x0000003c32700000) (1024K)]
  0x000001ef94879220 WorkerThread "GC Thread#0"                     [id=9572, stack(0x0000003c32000000,0x0000003c32100000) (1024K)]
  0x000001eff6489d00 WorkerThread "GC Thread#1"                     [id=2136, stack(0x0000003c33600000,0x0000003c33700000) (1024K)]
  0x000001eff6a5ddb0 WorkerThread "GC Thread#2"                     [id=3176, stack(0x0000003c33700000,0x0000003c33800000) (1024K)]
  0x000001eff6a5e160 WorkerThread "GC Thread#3"                     [id=15852, stack(0x0000003c33800000,0x0000003c33900000) (1024K)]
  0x000001ef9488d5a0 ConcurrentGCThread "G1 Main Marker"            terminated
  0x000001ef9488e170 WorkerThread "G1 Conc#0"                       [id=18400, stack(0x0000003c32200000,0x0000003c32300000) (1024K)]
  0x000001efb0a540c0 ConcurrentGCThread "G1 Refine#0"               terminated
  0x000001efb0a55d10 ConcurrentGCThread "G1 Service"                terminated
Total: 9

Threads with active compile tasks:
Total: 0

VM state: at safepoint (shutting down)

VM Mutex/Monitor currently owned by a thread:  ([mutex/lock_event])
[0x00007ffa1eca3910] Threads_lock - owner thread: 0x000001efb0b96d60
[0x00007ffa1eca3a10] Heap_lock - owner thread: 0x000001eff615ac40

Heap address: 0x0000000084c00000, size: 1972 MB, Compressed Oops mode: 32-bit

CDS archive(s) mapped at: [0x000001efb1000000-0x000001efb1d70000-0x000001efb1d70000), size 14090240, SharedBaseAddress: 0x000001efb1000000, ArchiveRelocationMode: 1.
Compressed class space mapped at: 0x000001efb2000000-0x000001eff2000000, reserved size: 1073741824
Narrow klass base: 0x000001efb1000000, Narrow klass shift: 0, Narrow klass range: 0x41000000

GC Precious Log:
 CardTable entry size: 512
 Card Set container configuration: InlinePtr #cards 5 size 8 Array Of Cards #cards 10 size 36 Howl #buckets 4 coarsen threshold 1843 Howl Bitmap #cards 512 size 80 coarsen threshold 460 Card regions per heap region 1 cards per card region 2048
 CPUs: 4 total, 4 available
 Memory: 7886M
 Large Page Support: Disabled
 NUMA Support: Disabled
 Compressed Oops: Enabled (32-bit)
 Heap Region Size: 1M
 Heap Min Capacity: 8M
 Heap Initial Capacity: 124M
 Heap Max Capacity: 1972M
 Pre-touch: Disabled
 Parallel Workers: 4
 Concurrent Workers: 1
 Concurrent Refinement Workers: 4
 Periodic GC: Disabled

Heap:
 garbage-first heap   total reserved 2019328K, committed 58368K, used 56054K [0x0000000084c00000, 0x0000000100000000)
  region size 1024K, 34 young (34816K), 3 survivors (3072K)
 Metaspace       used 26119K, committed 26496K, reserved 1114112K
  class space    used 3749K, committed 3904K, reserved 1048576K

Heap Regions: E=young(eden), S=young(survivor), O=old, HS=humongous(starts), HC=humongous(continues), CS=collection set, F=free, TAMS=top-at-mark-start, PB=parsable bottom
|   0|0x0000000084c00000, 0x0000000084d00000, 0x0000000084d00000|100%| O|  |TAMS 0x0000000084c00000| PB 0x0000000084c00000| Untracked |  0
|   1|0x0000000084d00000, 0x0000000084e00000, 0x0000000084e00000|100%| O|  |TAMS 0x0000000084d00000| PB 0x0000000084d00000| Untracked |  0
|   2|0x0000000084e00000, 0x0000000084f00000, 0x0000000084f00000|100%|HS|  |TAMS 0x0000000084e00000| PB 0x0000000084e00000| Complete |  0
|   3|0x0000000084f00000, 0x0000000085000000, 0x0000000085000000|100%|HC|  |TAMS 0x0000000084f00000| PB 0x0000000084f00000| Complete |  0
|   4|0x0000000085000000, 0x0000000085100000, 0x0000000085100000|100%|HS|  |TAMS 0x0000000085000000| PB 0x0000000085000000| Complete |  0
|   5|0x0000000085100000, 0x0000000085200000, 0x0000000085200000|100%|HC|  |TAMS 0x0000000085100000| PB 0x0000000085100000| Complete |  0
|   6|0x0000000085200000, 0x0000000085300000, 0x0000000085300000|100%| O|  |TAMS 0x0000000085200000| PB 0x0000000085200000| Untracked |  0
|   7|0x0000000085300000, 0x0000000085400000, 0x0000000085400000|100%|HS|  |TAMS 0x0000000085300000| PB 0x0000000085300000| Complete |  0
|   8|0x0000000085400000, 0x0000000085500000, 0x0000000085500000|100%|HC|  |TAMS 0x0000000085400000| PB 0x0000000085400000| Complete |  0
|   9|0x0000000085500000, 0x0000000085600000, 0x0000000085600000|100%| O|  |TAMS 0x0000000085500000| PB 0x0000000085500000| Untracked |  0
|  10|0x0000000085600000, 0x0000000085700000, 0x0000000085700000|100%| O|  |TAMS 0x0000000085600000| PB 0x0000000085600000| Untracked |  1
|  11|0x0000000085700000, 0x0000000085800000, 0x0000000085800000|100%| O|  |TAMS 0x0000000085700000| PB 0x0000000085700000| Untracked |  0
|  12|0x0000000085800000, 0x0000000085900000, 0x0000000085900000|100%| O|  |TAMS 0x0000000085800000| PB 0x0000000085800000| Untracked |  0
|  13|0x0000000085900000, 0x00000000859972d0, 0x0000000085a00000| 59%| O|  |TAMS 0x0000000085900000| PB 0x0000000085900000| Untracked |  0
|  14|0x0000000085a00000, 0x0000000085b00000, 0x0000000085b00000|100%|HS|  |TAMS 0x0000000085a00000| PB 0x0000000085a00000| Complete |  0
|  15|0x0000000085b00000, 0x0000000085c00000, 0x0000000085c00000|100%|HC|  |TAMS 0x0000000085b00000| PB 0x0000000085b00000| Complete |  0
|  16|0x0000000085c00000, 0x0000000085d00000, 0x0000000085d00000|100%|HS|  |TAMS 0x0000000085c00000| PB 0x0000000085c00000| Complete |  0
|  17|0x0000000085d00000, 0x0000000085e00000, 0x0000000085e00000|100%|HC|  |TAMS 0x0000000085d00000| PB 0x0000000085d00000| Complete |  0
|  18|0x0000000085e00000, 0x0000000085f00000, 0x0000000085f00000|100%|HS|  |TAMS 0x0000000085e00000| PB 0x0000000085e00000| Complete |  0
|  19|0x0000000085f00000, 0x0000000086000000, 0x0000000086000000|100%|HS|  |TAMS 0x0000000085f00000| PB 0x0000000085f00000| Complete |  0
|  20|0x0000000086000000, 0x0000000086100000, 0x0000000086100000|100%|HC|  |TAMS 0x0000000086000000| PB 0x0000000086000000| Complete |  0
|  21|0x0000000086100000, 0x0000000086200000, 0x0000000086200000|100%|HS|  |TAMS 0x0000000086100000| PB 0x0000000086100000| Complete |  0
|  22|0x0000000086200000, 0x0000000086300000, 0x0000000086300000|100%|HC|  |TAMS 0x0000000086200000| PB 0x0000000086200000| Complete |  0
|  23|0x0000000086300000, 0x0000000086400000, 0x0000000086400000|100%| E|  |TAMS 0x0000000086300000| PB 0x0000000086300000| Complete |  0
|  24|0x0000000086400000, 0x0000000086500000, 0x0000000086500000|100%| E|CS|TAMS 0x0000000086400000| PB 0x0000000086400000| Complete |  1
|  25|0x0000000086500000, 0x0000000086600000, 0x0000000086600000|100%| E|CS|TAMS 0x0000000086500000| PB 0x0000000086500000| Complete |  0
|  26|0x0000000086600000, 0x0000000086700000, 0x0000000086700000|100%| E|CS|TAMS 0x0000000086600000| PB 0x0000000086600000| Complete |  0
|  27|0x0000000086700000, 0x0000000086800000, 0x0000000086800000|100%| E|CS|TAMS 0x0000000086700000| PB 0x0000000086700000| Complete |  0
|  28|0x0000000086800000, 0x0000000086900000, 0x0000000086900000|100%| E|CS|TAMS 0x0000000086800000| PB 0x0000000086800000| Complete |  0
|  29|0x0000000086900000, 0x0000000086a00000, 0x0000000086a00000|100%| E|CS|TAMS 0x0000000086900000| PB 0x0000000086900000| Complete |  0
|  30|0x0000000086a00000, 0x0000000086b00000, 0x0000000086b00000|100%| E|CS|TAMS 0x0000000086a00000| PB 0x0000000086a00000| Complete |  0
|  31|0x0000000086b00000, 0x0000000086c00000, 0x0000000086c00000|100%| E|CS|TAMS 0x0000000086b00000| PB 0x0000000086b00000| Complete |  0
|  32|0x0000000086c00000, 0x0000000086d00000, 0x0000000086d00000|100%| E|CS|TAMS 0x0000000086c00000| PB 0x0000000086c00000| Complete |  0
|  33|0x0000000086d00000, 0x0000000086e00000, 0x0000000086e00000|100%| E|CS|TAMS 0x0000000086d00000| PB 0x0000000086d00000| Complete |  0
|  34|0x0000000086e00000, 0x0000000086f00000, 0x0000000086f00000|100%| E|CS|TAMS 0x0000000086e00000| PB 0x0000000086e00000| Complete |  0
|  35|0x0000000086f00000, 0x0000000087000000, 0x0000000087000000|100%| E|CS|TAMS 0x0000000086f00000| PB 0x0000000086f00000| Complete |  0
|  36|0x0000000087000000, 0x0000000087100000, 0x0000000087100000|100%| E|CS|TAMS 0x0000000087000000| PB 0x0000000087000000| Complete |  0
|  37|0x0000000087100000, 0x0000000087200000, 0x0000000087200000|100%| E|CS|TAMS 0x0000000087100000| PB 0x0000000087100000| Complete |  0
|  38|0x0000000087200000, 0x0000000087300000, 0x0000000087300000|100%| E|CS|TAMS 0x0000000087200000| PB 0x0000000087200000| Complete |  0
|  39|0x0000000087300000, 0x0000000087400000, 0x0000000087400000|100%| E|CS|TAMS 0x0000000087300000| PB 0x0000000087300000| Complete |  0
|  40|0x0000000087400000, 0x0000000087500000, 0x0000000087500000|100%| E|CS|TAMS 0x0000000087400000| PB 0x0000000087400000| Complete |  0
|  41|0x0000000087500000, 0x0000000087600000, 0x0000000087600000|100%| E|CS|TAMS 0x0000000087500000| PB 0x0000000087500000| Complete |  0
|  42|0x0000000087600000, 0x0000000087700000, 0x0000000087700000|100%| E|CS|TAMS 0x0000000087600000| PB 0x0000000087600000| Complete |  0
|  43|0x0000000087700000, 0x0000000087800000, 0x0000000087800000|100%| E|CS|TAMS 0x0000000087700000| PB 0x0000000087700000| Complete |  0
|  44|0x0000000087800000, 0x0000000087900000, 0x0000000087900000|100%| E|CS|TAMS 0x0000000087800000| PB 0x0000000087800000| Complete |  0
|  45|0x0000000087900000, 0x0000000087a00000, 0x0000000087a00000|100%| E|CS|TAMS 0x0000000087900000| PB 0x0000000087900000| Complete |  0
|  46|0x0000000087a00000, 0x0000000087b00000, 0x0000000087b00000|100%| E|CS|TAMS 0x0000000087a00000| PB 0x0000000087a00000| Complete |  0
|  47|0x0000000087b00000, 0x0000000087c00000, 0x0000000087c00000|100%| E|CS|TAMS 0x0000000087b00000| PB 0x0000000087b00000| Complete |  0
|  48|0x0000000087c00000, 0x0000000087d00000, 0x0000000087d00000|100%| E|CS|TAMS 0x0000000087c00000| PB 0x0000000087c00000| Complete |  0
|  49|0x0000000087d00000, 0x0000000087e00000, 0x0000000087e00000|100%| E|CS|TAMS 0x0000000087d00000| PB 0x0000000087d00000| Complete |  0
|  50|0x0000000087e00000, 0x0000000087f00000, 0x0000000087f00000|100%| E|CS|TAMS 0x0000000087e00000| PB 0x0000000087e00000| Complete |  0
|  51|0x0000000087f00000, 0x0000000088000000, 0x0000000088000000|100%| E|CS|TAMS 0x0000000087f00000| PB 0x0000000087f00000| Complete |  0
|  52|0x0000000088000000, 0x0000000088100000, 0x0000000088100000|100%| E|CS|TAMS 0x0000000088000000| PB 0x0000000088000000| Complete |  0
|  92|0x000000008a800000, 0x000000008a826608, 0x000000008a900000| 14%| S|CS|TAMS 0x000000008a800000| PB 0x000000008a800000| Complete |  0
|  93|0x000000008a900000, 0x000000008aa00000, 0x000000008aa00000|100%| S|CS|TAMS 0x000000008a900000| PB 0x000000008a900000| Complete |  0
|  94|0x000000008aa00000, 0x000000008ab00000, 0x000000008ab00000|100%| S|CS|TAMS 0x000000008aa00000| PB 0x000000008aa00000| Complete |  0
| 123|0x000000008c700000, 0x000000008c800000, 0x000000008c800000|100%| E|CS|TAMS 0x000000008c700000| PB 0x000000008c700000| Complete |  0

Card table byte_map: [0x000001efac340000,0x000001efac720000] _byte_map_base: 0x000001efabf1a000

Marking Bits: (CMBitMap*) 0x000001ef94879840
 Bits: [0x000001efac720000, 0x000001efae5f0000)

Polling page: 0x000001ef92660000

Metaspace:

Usage:
  Non-class:     21.85 MB used.
      Class:      3.66 MB used.
       Both:     25.51 MB used.

Virtual space:
  Non-class space:       64.00 MB reserved,      22.06 MB ( 34%) committed,  1 nodes.
      Class space:        1.00 GB reserved,       3.81 MB ( <1%) committed,  1 nodes.
             Both:        1.06 GB reserved,      25.88 MB (  2%) committed. 

Chunk freelists:
   Non-Class:  9.97 MB
       Class:  12.02 MB
        Both:  21.98 MB

MaxMetaspaceSize: unlimited
CompressedClassSpaceSize: 1.00 GB
Initial GC threshold: 21.00 MB
Current GC threshold: 35.12 MB
CDS: on
 - commit_granule_bytes: 65536.
 - commit_granule_words: 8192.
 - virtual_space_node_default_size: 8388608.
 - enlarge_chunks_in_place: 1.
 - use_allocation_guard: 0.


Internal statistics:

num_allocs_failed_limit: 3.
num_arena_births: 424.
num_arena_deaths: 0.
num_vsnodes_births: 2.
num_vsnodes_deaths: 0.
num_space_committed: 414.
num_space_uncommitted: 0.
num_chunks_returned_to_freelist: 3.
num_chunks_taken_from_freelist: 1260.
num_chunk_merges: 3.
num_chunk_splits: 888.
num_chunks_enlarged: 674.
num_inconsistent_stats: 0.

CodeHeap 'non-profiled nmethods': size=120064Kb used=1909Kb max_used=1909Kb free=118154Kb
 bounds [0x000001efa4a20000, 0x000001efa4c90000, 0x000001efabf60000]
CodeHeap 'profiled nmethods': size=120000Kb used=7325Kb max_used=7325Kb free=112674Kb
 bounds [0x000001ef9cf60000, 0x000001ef9d690000, 0x000001efa4490000]
CodeHeap 'non-nmethods': size=5696Kb used=2174Kb max_used=2240Kb free=3521Kb
 bounds [0x000001efa4490000, 0x000001efa4700000, 0x000001efa4a20000]
CodeCache: size=245760Kb, used=11408Kb, max_used=11474Kb, free=234349Kb
 total_blobs=5681, nmethods=4765, adapters=821, full_count=0
Compilation: enabled, stopped_count=0, restarted_count=0

Compilation events (20 events):
Event: 18.215 Thread 0x000001efb0bca550 4756       1       javafx.scene.layout.BorderStrokeStyle::getMiterLimit (5 bytes)
Event: 18.215 Thread 0x000001efb0bca550 nmethod 4756 0x000001efa4bf1308 code [0x000001efa4bf1420, 0x000001efa4bf14e8]
Event: 18.216 Thread 0x000001efb0bca550 4757       3       com.sun.javafx.geom.transform.Affine3D::reset3Delements (31 bytes)
Event: 18.216 Thread 0x000001efb0bca550 nmethod 4757 0x000001ef9d685288 code [0x000001ef9d6853a0, 0x000001ef9d6854e8]
Event: 18.216 Thread 0x000001efb0bca550 4758       3       com.sun.prism.impl.ps.BaseShaderContext::validatePaintOp (162 bytes)
Event: 18.217 Thread 0x000001efb0bca550 nmethod 4758 0x000001ef9d685588 code [0x000001ef9d685700, 0x000001ef9d685f98]
Event: 18.273 Thread 0x000001efb0bca550 4759       3       javafx.animation.Animation::getCycleCount (19 bytes)
Event: 18.273 Thread 0x000001efb0bca550 nmethod 4759 0x000001ef9d686008 code [0x000001ef9d686140, 0x000001ef9d686498]
Event: 18.277 Thread 0x000001efb0bc9540 4760   !   4       javafx.scene.CssStyleHelper::transitionToState (1033 bytes)
Event: 18.277 Thread 0x000001efb0bca550 4761       3       com.sun.javafx.sg.prism.NGNode::setTransformedBounds (95 bytes)
Event: 18.278 Thread 0x000001efb0bca550 nmethod 4761 0x000001ef9d686508 code [0x000001ef9d6866e0, 0x000001ef9d687160]
Event: 18.527 Thread 0x000001efb0bc9540 nmethod 4760 0x000001efa4bf1608 code [0x000001efa4bf1f80, 0x000001efa4bfc510]
Event: 21.250 Thread 0x000001efb0bca550 4762       3       java.lang.invoke.MemberName::getFactory (4 bytes)
Event: 21.250 Thread 0x000001efb0bca550 nmethod 4762 0x000001ef9d687188 code [0x000001ef9d6872a0, 0x000001ef9d687398]
Event: 45.509 Thread 0x000001efb0bca550 4763       3       jdk.internal.loader.BuiltinClassLoader::hasClassPath (13 bytes)
Event: 45.509 Thread 0x000001efb0bca550 nmethod 4763 0x000001ef9d687488 code [0x000001ef9d6875a0, 0x000001ef9d687700]
Event: 160.124 Thread 0x000001efb0bc9540 4764       4       com.sun.javafx.tk.quantum.QuantumToolkit::postPulse (133 bytes)
Event: 160.128 Thread 0x000001efb0bc9540 nmethod 4764 0x000001efa4bfca08 code [0x000001efa4bfcb60, 0x000001efa4bfce28]
Event: 160.128 Thread 0x000001efb0bc9540 4765       4       com.sun.javafx.tk.quantum.QuantumToolkit$$Lambda/0x000001efb203b3e0::run (8 bytes)
Event: 160.132 Thread 0x000001efb0bc9540 nmethod 4765 0x000001efa4bfcf08 code [0x000001efa4bfd060, 0x000001efa4bfd480]

GC Heap History (8 events):
Event: 0.556 GC heap before
{Heap before GC invocations=0 (full 0):
 garbage-first heap   total reserved 2019328K, committed 126976K, used 14336K [0x0000000084c00000, 0x0000000100000000)
  region size 1024K, 14 young (14336K), 0 survivors (0K)
 Metaspace       used 2286K, committed 2496K, reserved 1114112K
  class space    used 243K, committed 384K, reserved 1048576K
}
Event: 0.559 GC heap after
{Heap after GC invocations=1 (full 0):
 garbage-first heap   total reserved 2019328K, committed 126976K, used 1809K [0x0000000084c00000, 0x0000000100000000)
  region size 1024K, 2 young (2048K), 2 survivors (2048K)
 Metaspace       used 2286K, committed 2496K, reserved 1114112K
  class space    used 243K, committed 384K, reserved 1048576K
}
Event: 0.864 GC heap before
{Heap before GC invocations=1 (full 0):
 garbage-first heap   total reserved 2019328K, committed 126976K, used 15121K [0x0000000084c00000, 0x0000000100000000)
  region size 1024K, 16 young (16384K), 2 survivors (2048K)
 Metaspace       used 6451K, committed 6656K, reserved 1114112K
  class space    used 784K, committed 896K, reserved 1048576K
}
Event: 0.868 GC heap after
{Heap after GC invocations=2 (full 0):
 garbage-first heap   total reserved 2019328K, committed 126976K, used 3926K [0x0000000084c00000, 0x0000000100000000)
  region size 1024K, 2 young (2048K), 2 survivors (2048K)
 Metaspace       used 6451K, committed 6656K, reserved 1114112K
  class space    used 784K, committed 896K, reserved 1048576K
}
Event: 2.429 GC heap before
{Heap before GC invocations=2 (full 0):
 garbage-first heap   total reserved 2019328K, committed 126976K, used 40790K [0x0000000084c00000, 0x0000000100000000)
  region size 1024K, 35 young (35840K), 2 survivors (2048K)
 Metaspace       used 13483K, committed 13824K, reserved 1114112K
  class space    used 1935K, committed 2112K, reserved 1048576K
}
Event: 2.434 GC heap after
{Heap after GC invocations=3 (full 0):
 garbage-first heap   total reserved 2019328K, committed 126976K, used 11810K [0x0000000084c00000, 0x0000000100000000)
  region size 1024K, 5 young (5120K), 5 survivors (5120K)
 Metaspace       used 13483K, committed 13824K, reserved 1114112K
  class space    used 1935K, committed 2112K, reserved 1048576K
}
Event: 3.955 GC heap before
{Heap before GC invocations=3 (full 0):
 garbage-first heap   total reserved 2019328K, committed 126976K, used 41506K [0x0000000084c00000, 0x0000000100000000)
  region size 1024K, 34 young (34816K), 5 survivors (5120K)
 Metaspace       used 21179K, committed 21504K, reserved 1114112K
  class space    used 3122K, committed 3264K, reserved 1048576K
}
Event: 3.962 GC heap after
{Heap after GC invocations=4 (full 0):
 garbage-first heap   total reserved 2019328K, committed 126976K, used 16118K [0x0000000084c00000, 0x0000000100000000)
  region size 1024K, 3 young (3072K), 3 survivors (3072K)
 Metaspace       used 21179K, committed 21504K, reserved 1114112K
  class space    used 3122K, committed 3264K, reserved 1048576K
}

Dll operation events (20 events):
Event: 0.493 Loaded shared library C:\Users\Washi\.openjfx\cache\19+11\amd64\api-ms-win-crt-multibyte-l1-1-0.dll
Event: 0.497 Loaded shared library C:\Users\Washi\.openjfx\cache\19+11\amd64\api-ms-win-crt-private-l1-1-0.dll
Event: 0.499 Loaded shared library C:\Users\Washi\.openjfx\cache\19+11\amd64\api-ms-win-crt-process-l1-1-0.dll
Event: 0.501 Loaded shared library C:\Users\Washi\.openjfx\cache\19+11\amd64\api-ms-win-crt-runtime-l1-1-0.dll
Event: 0.503 Loaded shared library C:\Users\Washi\.openjfx\cache\19+11\amd64\api-ms-win-crt-stdio-l1-1-0.dll
Event: 0.505 Loaded shared library C:\Users\Washi\.openjfx\cache\19+11\amd64\api-ms-win-crt-string-l1-1-0.dll
Event: 0.508 Loaded shared library C:\Users\Washi\.openjfx\cache\19+11\amd64\api-ms-win-crt-time-l1-1-0.dll
Event: 0.510 Loaded shared library C:\Users\Washi\.openjfx\cache\19+11\amd64\api-ms-win-crt-utility-l1-1-0.dll
Event: 0.523 Loaded shared library C:\Users\Washi\.openjfx\cache\19+11\amd64\ucrtbase.dll
Event: 0.527 Loaded shared library C:\Users\Washi\.openjfx\cache\19+11\amd64\vcruntime140.dll
Event: 0.530 Loaded shared library C:\Users\Washi\.openjfx\cache\19+11\amd64\vcruntime140_1.dll
Event: 0.537 Loaded shared library C:\Users\Washi\.openjfx\cache\19+11\amd64\msvcp140.dll
Event: 0.540 Loaded shared library C:\Users\Washi\.openjfx\cache\19+11\amd64\msvcp140_1.dll
Event: 0.544 Loaded shared library C:\Users\Washi\.openjfx\cache\19+11\amd64\msvcp140_2.dll
Event: 0.591 Loaded shared library C:\Users\Washi\.openjfx\cache\19+11\amd64\prism_d3d.dll
Event: 0.628 Loaded shared library C:\Users\Washi\.openjfx\cache\19+11\amd64\glass.dll
Event: 0.775 Loaded shared library C:\Users\Washi\.jdks\openjdk-23\bin\jimage.dll
Event: 0.808 Loaded shared library C:\Users\Washi\.jdks\openjdk-23\bin\verify.dll
Event: 1.038 Loaded shared library C:\Users\Washi\.openjfx\cache\19+11\amd64\javafx_font.dll
Event: 1.115 Loaded shared library C:\Users\Washi\.openjfx\cache\19+11\amd64\javafx_iio.dll

Deoptimization events (20 events):
Event: 14.555 Thread 0x000001eff6a80a30 Uncommon trap: trap_request=0xffffff45 fr.pc=0x000001efa4bc1cb4 relative=0x00000000000000b4
Event: 14.555 Thread 0x000001eff6a80a30 Uncommon trap: reason=unstable_if action=reinterpret pc=0x000001efa4bc1cb4 method=java.lang.Math.round(F)I @ 36 c2
Event: 14.555 Thread 0x000001eff6a80a30 DEOPT PACKING pc=0x000001efa4bc1cb4 sp=0x0000003c331fd060
Event: 14.555 Thread 0x000001eff6a80a30 DEOPT UNPACKING pc=0x000001efa44e7982 sp=0x0000003c331fcfe8 mode 2
Event: 14.902 Thread 0x000001eff6d9f390 Uncommon trap: trap_request=0xfffffff4 fr.pc=0x000001efa4bd1344 relative=0x0000000000000124
Event: 14.902 Thread 0x000001eff6d9f390 Uncommon trap: reason=null_check action=make_not_entrant pc=0x000001efa4bd1344 method=javafx.scene.Node$MiscProperties.getClip()Ljavafx/scene/Node; @ 20 c2
Event: 14.902 Thread 0x000001eff6d9f390 DEOPT PACKING pc=0x000001efa4bd1344 sp=0x0000003c33afb9b0
Event: 14.902 Thread 0x000001eff6d9f390 DEOPT UNPACKING pc=0x000001efa44e7982 sp=0x0000003c33afb900 mode 2
Event: 15.541 Thread 0x000001eff6d9f390 DEOPT PACKING pc=0x000001ef9d2ba584 sp=0x0000003c33afaaf0
Event: 15.541 Thread 0x000001eff6d9f390 DEOPT UNPACKING pc=0x000001efa44e84c2 sp=0x0000003c33afa0b8 mode 1
Event: 15.654 Thread 0x000001eff6d9f390 DEOPT PACKING pc=0x000001ef9d2ba584 sp=0x0000003c33afaaf0
Event: 15.654 Thread 0x000001eff6d9f390 DEOPT UNPACKING pc=0x000001efa44e84c2 sp=0x0000003c33afa0b8 mode 1
Event: 16.246 Thread 0x000001eff6d9f390 Uncommon trap: trap_request=0xffffff6e fr.pc=0x000001efa4be859c relative=0x000000000000023c
Event: 16.246 Thread 0x000001eff6d9f390 Uncommon trap: reason=loop_limit_check action=maybe_recompile pc=0x000001efa4be859c method=javafx.scene.Parent.pickChildrenNode(Lcom/sun/javafx/geom/PickRay;Lcom/sun/javafx/scene/input/PickResultChooser;)Z @ 17 c2
Event: 16.246 Thread 0x000001eff6d9f390 DEOPT PACKING pc=0x000001efa4be859c sp=0x0000003c33afbb50
Event: 16.246 Thread 0x000001eff6d9f390 DEOPT UNPACKING pc=0x000001efa44e7982 sp=0x0000003c33afb9a0 mode 2
Event: 160.179 Thread 0x000001eff6a80a30 DEOPT PACKING pc=0x000001ef9d5a27a4 sp=0x0000003c331fedf0
Event: 160.179 Thread 0x000001eff6a80a30 DEOPT UNPACKING pc=0x000001efa44e84c2 sp=0x0000003c331fe328 mode 1
Event: 160.179 Thread 0x000001eff615c680 DEOPT PACKING pc=0x000001ef9d079cdc sp=0x0000003c327ff1a0
Event: 160.179 Thread 0x000001eff615c680 DEOPT UNPACKING pc=0x000001efa44e84c2 sp=0x0000003c327fe600 mode 1

Classes loaded (20 events):
Event: 21.249 Loading class java/io/DataOutputStream
Event: 21.249 Loading class java/io/DataOutputStream done
Event: 39.265 Loading class java/util/RegularEnumSet$EnumSetIterator
Event: 39.266 Loading class java/util/RegularEnumSet$EnumSetIterator done
Event: 39.310 Loading class java/lang/StringIndexOutOfBoundsException
Event: 39.310 Loading class java/lang/StringIndexOutOfBoundsException done
Event: 39.318 Loading class java/util/concurrent/atomic/AtomicReferenceFieldUpdater
Event: 39.318 Loading class java/util/concurrent/atomic/AtomicReferenceFieldUpdater done
Event: 39.319 Loading class java/util/concurrent/atomic/AtomicReferenceFieldUpdater$AtomicReferenceFieldUpdaterImpl
Event: 39.319 Loading class java/util/concurrent/atomic/AtomicReferenceFieldUpdater$AtomicReferenceFieldUpdaterImpl done
Event: 39.320 Loading class java/util/concurrent/atomic/AtomicReferenceFieldUpdater$AtomicReferenceFieldUpdaterImpl$1
Event: 39.321 Loading class java/util/concurrent/atomic/AtomicReferenceFieldUpdater$AtomicReferenceFieldUpdaterImpl$1 done
Event: 39.321 Loading class sun/reflect/misc/ReflectUtil
Event: 39.322 Loading class sun/reflect/misc/ReflectUtil done
Event: 39.323 Loading class java/lang/Throwable$WrappedPrintStream
Event: 39.324 Loading class java/lang/Throwable$PrintStreamOrWriter
Event: 39.324 Loading class java/lang/Throwable$PrintStreamOrWriter done
Event: 39.324 Loading class java/lang/Throwable$WrappedPrintStream done
Event: 160.172 Loading class jdk/internal/misc/Signal$1
Event: 160.173 Loading class jdk/internal/misc/Signal$1 done

Classes unloaded (0 events):
No events

Classes redefined (0 events):
No events

Internal exceptions (20 events):
Event: 3.871 Thread 0x000001eff6d9f390 Exception <a 'sun/nio/fs/WindowsException'{0x000000008af4a4b8}> (0x000000008af4a4b8) 
thrown [s\open\src\hotspot\share\prims\jni.cpp, line 520]
Event: 3.877 Thread 0x000001eff6d9f390 Exception <a 'sun/nio/fs/WindowsException'{0x000000008afa5340}> (0x000000008afa5340) 
thrown [s\open\src\hotspot\share\prims\jni.cpp, line 520]
Event: 3.877 Thread 0x000001eff6d9f390 Exception <a 'sun/nio/fs/WindowsException'{0x000000008afa77e8}> (0x000000008afa77e8) 
thrown [s\open\src\hotspot\share\prims\jni.cpp, line 520]
Event: 3.881 Thread 0x000001eff6d9f390 Exception <a 'java/lang/NoSuchMethodError'{0x000000008afb2410}: 'java.lang.Object java.lang.invoke.DirectMethodHandle$Holder.invokeVirtual(java.lang.Object, java.lang.Object, java.lang.Object)'> (0x000000008afb2410) 
thrown [s\open\src\hotspot\share\interpreter\linkResolver.cpp, line 796]
Event: 3.933 Thread 0x000001eff6d9f390 Exception <a 'sun/nio/fs/WindowsException'{0x000000008aca1138}> (0x000000008aca1138) 
thrown [s\open\src\hotspot\share\prims\jni.cpp, line 520]
Event: 3.941 Thread 0x000001eff6d9f390 Exception <a 'java/lang/ClassNotFoundException'{0x000000008acaa8a8}: jdk/net/ExtendedSocketOptions> (0x000000008acaa8a8) 
thrown [s\open\src\hotspot\share\classfile\systemDictionary.cpp, line 313]
Event: 4.074 Thread 0x000001eff6d9f390 Exception <a 'sun/nio/fs/WindowsException'{0x0000000087d45ca8}> (0x0000000087d45ca8) 
thrown [s\open\src\hotspot\share\prims\jni.cpp, line 520]
Event: 4.169 Thread 0x000001eff6d9f390 Exception <a 'java/lang/NoSuchMethodError'{0x0000000087b8be00}: 'java.lang.Object java.lang.invoke.DelegatingMethodHandle$Holder.reinvoke_L(java.lang.Object, double, double, double, double)'> (0x0000000087b8be00) 
thrown [s\open\src\hotspot\share\interpreter\linkResolver.cpp, line 796]
Event: 4.170 Thread 0x000001eff6d9f390 Exception <a 'java/lang/NoSuchMethodError'{0x0000000087b96d98}: 'java.lang.Object java.lang.invoke.DirectMethodHandle$Holder.invokeStatic(java.lang.Object, java.lang.Object, int)'> (0x0000000087b96d98) 
thrown [s\open\src\hotspot\share\interpreter\linkResolver.cpp, line 796]
Event: 4.171 Thread 0x000001eff6d9f390 Exception <a 'java/lang/NoSuchMethodError'{0x0000000087b9ac58}: 'void java.lang.invoke.DirectMethodHandle$Holder.invokeStatic(java.lang.Object, java.lang.Object, int, java.lang.Object)'> (0x0000000087b9ac58) 
thrown [s\open\src\hotspot\share\interpreter\linkResolver.cpp, line 796]
Event: 4.171 Thread 0x000001eff6d9f390 Exception <a 'java/lang/NoSuchMethodError'{0x0000000087ba19c8}: 'void java.lang.invoke.DelegatingMethodHandle$Holder.delegate(java.lang.Object, java.lang.Object, int, java.lang.Object)'> (0x0000000087ba19c8) 
thrown [s\open\src\hotspot\share\interpreter\linkResolver.cpp, line 796]
Event: 4.196 Thread 0x000001eff6d9f390 Exception <a 'java/io/FileNotFoundException'{0x0000000087a5d148}> (0x0000000087a5d148) 
thrown [s\open\src\hotspot\share\prims\jni.cpp, line 520]
Event: 4.610 Thread 0x000001eff6d9f390 Exception <a 'java/io/FileNotFoundException'{0x00000000878d6270}> (0x00000000878d6270) 
thrown [s\open\src\hotspot\share\prims\jni.cpp, line 520]
Event: 6.316 Thread 0x000001eff6d9f390 Implicit null exception at 0x000001efa4b1f3da to 0x000001efa4b1f638
Event: 6.320 Thread 0x000001eff6d9f390 Exception <a 'java/lang/NoSuchMethodError'{0x0000000086b1c5a0}: 'void java.lang.invoke.DirectMethodHandle$Holder.invokeSpecialIFC(java.lang.Object, java.lang.Object, java.lang.Object, java.lang.Object)'> (0x0000000086b1c5a0) 
thrown [s\open\src\hotspot\share\interpreter\linkResolver.cpp, line 796]
Event: 6.343 Thread 0x000001eff6d9f390 Exception <a 'java/lang/NoSuchMethodError'{0x0000000086bcafa8}: 'void java.lang.invoke.DirectMethodHandle$Holder.invokeSpecial(java.lang.Object, java.lang.Object, int, int)'> (0x0000000086bcafa8) 
thrown [s\open\src\hotspot\share\interpreter\linkResolver.cpp, line 796]
Event: 6.348 Thread 0x000001eff6d9f390 Exception <a 'java/lang/NoSuchMethodError'{0x0000000086bd1388}: 'java.lang.Object java.lang.invoke.DirectMethodHandle$Holder.newInvokeSpecial(java.lang.Object, java.lang.Object, int, int)'> (0x0000000086bd1388) 
thrown [s\open\src\hotspot\share\interpreter\linkResolver.cpp, line 796]
Event: 6.349 Thread 0x000001eff6d9f390 Exception <a 'java/lang/NoSuchMethodError'{0x0000000086bd55e0}: 'java.lang.Object java.lang.invoke.DirectMethodHandle$Holder.invokeSpecial(java.lang.Object, java.lang.Object, java.lang.Object, int, int)'> (0x0000000086bd55e0) 
thrown [s\open\src\hotspot\share\interpreter\linkResolver.cpp, line 796]
Event: 14.478 Thread 0x000001eff6d9f390 Implicit null exception at 0x000001efa4bc2329 to 0x000001efa4bc2ba4
Event: 14.902 Thread 0x000001eff6d9f390 Implicit null exception at 0x000001efa4bd12a0 to 0x000001efa4bd1330

VM Operations (20 events):
Event: 48.337 Executing VM operation: ChangeSingleStep done
Event: 48.338 Executing VM operation: ChangeSingleStep
Event: 48.338 Executing VM operation: ChangeSingleStep done
Event: 48.339 Executing VM operation: ChangeSingleStep
Event: 48.339 Executing VM operation: ChangeSingleStep done
Event: 48.349 Executing VM operation: get/set locals
Event: 48.349 Executing VM operation: get/set locals done
Event: 48.349 Executing VM operation: get/set locals
Event: 48.349 Executing VM operation: get/set locals done
Event: 48.351 Executing VM operation: get/set locals
Event: 48.351 Executing VM operation: get/set locals done
Event: 60.114 Executing VM operation: HandshakeAllThreads (HandshakeForDeflation)
Event: 60.114 Executing VM operation: HandshakeAllThreads (HandshakeForDeflation) done
Event: 60.114 Executing VM operation: RendezvousGCThreads
Event: 60.114 Executing VM operation: RendezvousGCThreads done
Event: 141.505 Executing VM operation: get/set locals
Event: 141.505 Executing VM operation: get/set locals done
Event: 160.122 Executing VM operation: ChangeBreakpoints
Event: 160.122 Executing VM operation: ChangeBreakpoints done
Event: 160.180 Executing VM operation: Exit

Memory protections (0 events):
No events

Nmethod flushes (0 events):
No events

Events (20 events):
Event: 2.651 Thread 0x000001efb0bca550 Thread added: 0x000001eff77f8e60
Event: 3.091 Thread 0x000001eff77f8e60 Thread exited: 0x000001eff77f8e60
Event: 3.853 Thread 0x000001eff6d9f390 Thread added: 0x000001eff76d6e50
Event: 3.897 Thread 0x000001efb0bca550 Thread added: 0x000001eff76ae060
Event: 4.440 Thread 0x000001eff76ae060 Thread exited: 0x000001eff76ae060
Event: 4.629 Thread 0x000001efb0bca550 Thread added: 0x000001ef8003d010
Event: 5.330 Thread 0x000001ef8003d010 Thread exited: 0x000001ef8003d010
Event: 6.284 Thread 0x000001efb0bca550 Thread added: 0x000001ef8067a2e0
Event: 6.666 Thread 0x000001ef8067a2e0 Thread exited: 0x000001ef8067a2e0
Event: 14.151 Thread 0x000001efb0bca550 Thread added: 0x000001ef809ce240
Event: 14.593 Thread 0x000001ef809ce240 Thread exited: 0x000001ef809ce240
Event: 160.121 Thread 0x000001eff677ca10 Thread exited: 0x000001eff677ca10
Event: 160.129 Thread 0x000001eff6301270 Thread exited: 0x000001eff6301270
Event: 160.173 Thread 0x000001efb0bb4630 Thread added: 0x000001eff615ac40
Event: 160.174 Thread 0x000001eff615ac40 Thread added: 0x000001eff615b960
Event: 160.174 Thread 0x000001eff615ac40 Thread added: 0x000001eff615c680
Event: 160.178 Thread 0x000001eff615b960 Thread exited: 0x000001eff615b960
Event: 160.179 Thread 0x000001eff615ac40 Before exit entered
Event: 160.180 Thread 0x000001eff615c680 Thread exited: 0x000001eff615c680
Event: 160.180 Thread 0x000001efb0bb4630 Thread exited: 0x000001efb0bb4630


Dynamic libraries:
0x00007ff6d44c0000 - 0x00007ff6d44ce000 	C:\Users\Washi\.jdks\openjdk-23\bin\java.exe
0x00007ffa91ed0000 - 0x00007ffa920c8000 	C:\Windows\SYSTEM32\ntdll.dll
0x00007ffa90f50000 - 0x00007ffa9100d000 	C:\Windows\System32\KERNEL32.DLL
0x00007ffa8f670000 - 0x00007ffa8f966000 	C:\Windows\System32\KERNELBASE.dll
0x00007ffa8fe10000 - 0x00007ffa8ff10000 	C:\Windows\System32\ucrtbase.dll
0x00007ffa84370000 - 0x00007ffa84387000 	C:\Users\Washi\.jdks\openjdk-23\bin\jli.dll
0x00007ffa90980000 - 0x00007ffa90b1e000 	C:\Windows\System32\USER32.dll
0x00007ffa8f640000 - 0x00007ffa8f662000 	C:\Windows\System32\win32u.dll
0x00007ffa91a10000 - 0x00007ffa91a3b000 	C:\Windows\System32\GDI32.dll
0x00007ffa8faf0000 - 0x00007ffa8fc07000 	C:\Windows\System32\gdi32full.dll
0x00007ffa8fa50000 - 0x00007ffa8faed000 	C:\Windows\System32\msvcp_win.dll
0x00007ffa84350000 - 0x00007ffa8436b000 	C:\Users\Washi\.jdks\openjdk-23\bin\VCRUNTIME140.dll
0x00007ffa73030000 - 0x00007ffa732ca000 	C:\Windows\WinSxS\amd64_microsoft.windows.common-controls_6595b64144ccf1df_6.0.19041.3636_none_60b6a03d71f818d5\COMCTL32.dll
0x00007ffa911e0000 - 0x00007ffa9127e000 	C:\Windows\System32\msvcrt.dll
0x00007ffa90790000 - 0x00007ffa907c2000 	C:\Windows\System32\IMM32.DLL
0x00007ffa885e0000 - 0x00007ffa885ec000 	C:\Users\Washi\.jdks\openjdk-23\bin\vcruntime140_1.dll
0x00007ffa447e0000 - 0x00007ffa4486e000 	C:\Users\Washi\.jdks\openjdk-23\bin\msvcp140.dll
0x00007ffa1e030000 - 0x00007ffa1ed7f000 	C:\Users\Washi\.jdks\openjdk-23\bin\server\jvm.dll
0x00007ffa918a0000 - 0x00007ffa91953000 	C:\Windows\System32\ADVAPI32.dll
0x00007ffa8ff10000 - 0x00007ffa8ffaf000 	C:\Windows\System32\sechost.dll
0x00007ffa90850000 - 0x00007ffa90976000 	C:\Windows\System32\RPCRT4.dll
0x00007ffa8fc10000 - 0x00007ffa8fc37000 	C:\Windows\System32\bcrypt.dll
0x00007ffa90ee0000 - 0x00007ffa90f4b000 	C:\Windows\System32\WS2_32.dll
0x00007ffa8eaa0000 - 0x00007ffa8eaeb000 	C:\Windows\SYSTEM32\POWRPROF.dll
0x00007ffa838f0000 - 0x00007ffa838fa000 	C:\Windows\SYSTEM32\VERSION.dll
0x00007ffa83900000 - 0x00007ffa83927000 	C:\Windows\SYSTEM32\WINMM.dll
0x00007ffa8e960000 - 0x00007ffa8e972000 	C:\Windows\SYSTEM32\UMPDC.dll
0x00007ffa8ddc0000 - 0x00007ffa8ddd2000 	C:\Windows\SYSTEM32\kernel.appcore.dll
0x00007ffa84340000 - 0x00007ffa8434a000 	C:\Users\Washi\.jdks\openjdk-23\bin\jimage.dll
0x00007ffa8d310000 - 0x00007ffa8d4f4000 	C:\Windows\SYSTEM32\DBGHELP.DLL
0x00007ffa78bf0000 - 0x00007ffa78c24000 	C:\Windows\SYSTEM32\dbgcore.DLL
0x00007ffa8f9c0000 - 0x00007ffa8fa42000 	C:\Windows\System32\bcryptPrimitives.dll
0x00007ffa80990000 - 0x00007ffa809cc000 	C:\Users\Washi\.jdks\openjdk-23\bin\jdwp.dll
0x00007ffa83720000 - 0x00007ffa8373e000 	C:\Users\Washi\.jdks\openjdk-23\bin\java.dll
0x00007ffa91af0000 - 0x00007ffa91c1b000 	C:\Windows\System32\ole32.dll
0x00007ffa90b20000 - 0x00007ffa90e74000 	C:\Windows\System32\combase.dll
0x00007ffa8ffb0000 - 0x00007ffa906f5000 	C:\Windows\System32\SHELL32.dll
0x00007ffa8d500000 - 0x00007ffa8dc9c000 	C:\Windows\SYSTEM32\windows.storage.dll
0x00007ffa8eee0000 - 0x00007ffa8ef0e000 	C:\Windows\SYSTEM32\Wldp.dll
0x00007ffa91dc0000 - 0x00007ffa91e8d000 	C:\Windows\System32\OLEAUT32.dll
0x00007ffa91a40000 - 0x00007ffa91aed000 	C:\Windows\System32\SHCORE.dll
0x00007ffa91c30000 - 0x00007ffa91c85000 	C:\Windows\System32\shlwapi.dll
0x00007ffa8f4c0000 - 0x00007ffa8f4e5000 	C:\Windows\SYSTEM32\profapi.dll
0x00007ffa40e70000 - 0x00007ffa40f47000 	C:\Users\Washi\.jdks\openjdk-23\bin\jsvml.dll
0x00007ffa83710000 - 0x00007ffa83720000 	C:\Users\Washi\.jdks\openjdk-23\bin\net.dll
0x00007ffa8ecc0000 - 0x00007ffa8ed2a000 	C:\Windows\system32\mswsock.dll
0x00007ffa79a80000 - 0x00007ffa79a96000 	C:\Users\Washi\.jdks\openjdk-23\bin\nio.dll
0x00007ffa79a60000 - 0x00007ffa79a77000 	C:\Users\Washi\.jdks\openjdk-23\bin\zip.dll
0x00007ffa80950000 - 0x00007ffa8095c000 	C:\Users\Washi\.jdks\openjdk-23\bin\dt_socket.dll
0x00007ffa8e980000 - 0x00007ffa8e9bb000 	C:\Windows\SYSTEM32\IPHLPAPI.DLL
0x000001ef926f0000 - 0x000001ef926f3000 	C:\Users\Washi\.openjfx\cache\19+11\amd64\api-ms-win-core-console-l1-1-0.dll
0x000001ef92700000 - 0x000001ef92703000 	C:\Users\Washi\.openjfx\cache\19+11\amd64\api-ms-win-core-console-l1-2-0.dll
0x000001ef92710000 - 0x000001ef92713000 	C:\Users\Washi\.openjfx\cache\19+11\amd64\api-ms-win-core-datetime-l1-1-0.dll
0x000001ef94780000 - 0x000001ef94783000 	C:\Users\Washi\.openjfx\cache\19+11\amd64\api-ms-win-core-debug-l1-1-0.dll
0x000001ef94790000 - 0x000001ef94793000 	C:\Users\Washi\.openjfx\cache\19+11\amd64\api-ms-win-core-errorhandling-l1-1-0.dll
0x000001ef947a0000 - 0x000001ef947a4000 	C:\Users\Washi\.openjfx\cache\19+11\amd64\api-ms-win-core-file-l1-1-0.dll
0x000001ef947b0000 - 0x000001ef947b3000 	C:\Users\Washi\.openjfx\cache\19+11\amd64\api-ms-win-core-file-l1-2-0.dll
0x000001ef947c0000 - 0x000001ef947c3000 	C:\Users\Washi\.openjfx\cache\19+11\amd64\api-ms-win-core-file-l2-1-0.dll
0x000001ef947d0000 - 0x000001ef947d3000 	C:\Users\Washi\.openjfx\cache\19+11\amd64\api-ms-win-core-handle-l1-1-0.dll
0x000001ef947e0000 - 0x000001ef947e3000 	C:\Users\Washi\.openjfx\cache\19+11\amd64\api-ms-win-core-heap-l1-1-0.dll
0x000001efb0c30000 - 0x000001efb0c33000 	C:\Users\Washi\.openjfx\cache\19+11\amd64\api-ms-win-core-interlocked-l1-1-0.dll
0x000001efb0c40000 - 0x000001efb0c43000 	C:\Users\Washi\.openjfx\cache\19+11\amd64\api-ms-win-core-libraryloader-l1-1-0.dll
0x000001efb0c50000 - 0x000001efb0c53000 	C:\Users\Washi\.openjfx\cache\19+11\amd64\api-ms-win-core-localization-l1-2-0.dll
0x000001efb0c60000 - 0x000001efb0c63000 	C:\Users\Washi\.openjfx\cache\19+11\amd64\api-ms-win-core-memory-l1-1-0.dll
0x000001efb0c70000 - 0x000001efb0c73000 	C:\Users\Washi\.openjfx\cache\19+11\amd64\api-ms-win-core-namedpipe-l1-1-0.dll
0x000001efb0c80000 - 0x000001efb0c83000 	C:\Users\Washi\.openjfx\cache\19+11\amd64\api-ms-win-core-processenvironment-l1-1-0.dll
0x000001efb0c90000 - 0x000001efb0c93000 	C:\Users\Washi\.openjfx\cache\19+11\amd64\api-ms-win-core-processthreads-l1-1-0.dll
0x000001efb0ca0000 - 0x000001efb0ca3000 	C:\Users\Washi\.openjfx\cache\19+11\amd64\api-ms-win-core-processthreads-l1-1-1.dll
0x000001efb0cb0000 - 0x000001efb0cb3000 	C:\Users\Washi\.openjfx\cache\19+11\amd64\api-ms-win-core-profile-l1-1-0.dll
0x000001efb0cc0000 - 0x000001efb0cc3000 	C:\Users\Washi\.openjfx\cache\19+11\amd64\api-ms-win-core-rtlsupport-l1-1-0.dll
0x000001efb0cd0000 - 0x000001efb0cd3000 	C:\Users\Washi\.openjfx\cache\19+11\amd64\api-ms-win-core-string-l1-1-0.dll
0x000001efb0ce0000 - 0x000001efb0ce3000 	C:\Users\Washi\.openjfx\cache\19+11\amd64\api-ms-win-core-synch-l1-1-0.dll
0x000001efb0cf0000 - 0x000001efb0cf3000 	C:\Users\Washi\.openjfx\cache\19+11\amd64\api-ms-win-core-synch-l1-2-0.dll
0x000001efb0d00000 - 0x000001efb0d03000 	C:\Users\Washi\.openjfx\cache\19+11\amd64\api-ms-win-core-sysinfo-l1-1-0.dll
0x000001efb0d10000 - 0x000001efb0d13000 	C:\Users\Washi\.openjfx\cache\19+11\amd64\api-ms-win-core-timezone-l1-1-0.dll
0x000001efb0d20000 - 0x000001efb0d23000 	C:\Users\Washi\.openjfx\cache\19+11\amd64\api-ms-win-core-util-l1-1-0.dll
0x000001efb0d30000 - 0x000001efb0d33000 	C:\Users\Washi\.openjfx\cache\19+11\amd64\api-ms-win-crt-conio-l1-1-0.dll
0x000001efb0d40000 - 0x000001efb0d44000 	C:\Users\Washi\.openjfx\cache\19+11\amd64\api-ms-win-crt-convert-l1-1-0.dll
0x000001efb0d50000 - 0x000001efb0d53000 	C:\Users\Washi\.openjfx\cache\19+11\amd64\api-ms-win-crt-environment-l1-1-0.dll
0x000001efb0d60000 - 0x000001efb0d63000 	C:\Users\Washi\.openjfx\cache\19+11\amd64\api-ms-win-crt-filesystem-l1-1-0.dll
0x000001efb0d70000 - 0x000001efb0d73000 	C:\Users\Washi\.openjfx\cache\19+11\amd64\api-ms-win-crt-heap-l1-1-0.dll
0x000001efb0d80000 - 0x000001efb0d83000 	C:\Users\Washi\.openjfx\cache\19+11\amd64\api-ms-win-crt-locale-l1-1-0.dll
0x000001efb0d90000 - 0x000001efb0d95000 	C:\Users\Washi\.openjfx\cache\19+11\amd64\api-ms-win-crt-math-l1-1-0.dll
0x000001efb0da0000 - 0x000001efb0da5000 	C:\Users\Washi\.openjfx\cache\19+11\amd64\api-ms-win-crt-multibyte-l1-1-0.dll
0x000001efb0db0000 - 0x000001efb0dc0000 	C:\Users\Washi\.openjfx\cache\19+11\amd64\api-ms-win-crt-private-l1-1-0.dll
0x000001efb0dc0000 - 0x000001efb0dc3000 	C:\Users\Washi\.openjfx\cache\19+11\amd64\api-ms-win-crt-process-l1-1-0.dll
0x000001efb0dd0000 - 0x000001efb0dd4000 	C:\Users\Washi\.openjfx\cache\19+11\amd64\api-ms-win-crt-runtime-l1-1-0.dll
0x000001efb0de0000 - 0x000001efb0de4000 	C:\Users\Washi\.openjfx\cache\19+11\amd64\api-ms-win-crt-stdio-l1-1-0.dll
0x000001efb0df0000 - 0x000001efb0df4000 	C:\Users\Washi\.openjfx\cache\19+11\amd64\api-ms-win-crt-string-l1-1-0.dll
0x000001efb0e00000 - 0x000001efb0e03000 	C:\Users\Washi\.openjfx\cache\19+11\amd64\api-ms-win-crt-time-l1-1-0.dll
0x000001efb0e10000 - 0x000001efb0e13000 	C:\Users\Washi\.openjfx\cache\19+11\amd64\api-ms-win-crt-utility-l1-1-0.dll
0x00007ffa39790000 - 0x00007ffa3988c000 	C:\Users\Washi\.openjfx\cache\19+11\amd64\ucrtbase.dll
0x00007ffa5e410000 - 0x00007ffa5e42b000 	C:\Users\Washi\.openjfx\cache\19+11\amd64\vcruntime140.dll
0x00007ffa79a10000 - 0x00007ffa79a1c000 	C:\Users\Washi\.openjfx\cache\19+11\amd64\vcruntime140_1.dll
0x00007ffa44720000 - 0x00007ffa447ae000 	C:\Users\Washi\.openjfx\cache\19+11\amd64\msvcp140.dll
0x00007ffa799c0000 - 0x00007ffa799c9000 	C:\Users\Washi\.openjfx\cache\19+11\amd64\msvcp140_1.dll
0x00007ffa5c670000 - 0x00007ffa5c6a0000 	C:\Users\Washi\.openjfx\cache\19+11\amd64\msvcp140_2.dll
0x00007ffa5b380000 - 0x00007ffa5b3ac000 	C:\Users\Washi\.openjfx\cache\19+11\amd64\prism_d3d.dll
0x00007ffa4a640000 - 0x00007ffa4a80d000 	C:\Windows\system32\d3d9.dll
0x00007ffa8cb50000 - 0x00007ffa8cb7f000 	C:\Windows\SYSTEM32\dwmapi.dll
0x00007ffa8a210000 - 0x00007ffa8a2ae000 	C:\Windows\system32\uxtheme.dll
0x00007ffa40f50000 - 0x00007ffa411af000 	C:\Windows\System32\DriverStore\FileRepository\iigd_dch.inf_amd64_f6ea1f36cd61d64f\igdumdim64.dll
0x00007ffa1ed80000 - 0x00007ffa202c9000 	C:\Windows\System32\DriverStore\FileRepository\iigd_dch.inf_amd64_f6ea1f36cd61d64f\igd9dxva64.dll
0x00007ffa91280000 - 0x00007ffa916ee000 	C:\Windows\System32\SETUPAPI.dll
0x00007ffa8f970000 - 0x00007ffa8f9be000 	C:\Windows\System32\cfgmgr32.dll
0x00007ffa3ad70000 - 0x00007ffa3ca9b000 	C:\Windows\System32\DriverStore\FileRepository\iigd_dch.inf_amd64_f6ea1f36cd61d64f\media_bin_64.dll
0x00007ffa809d0000 - 0x00007ffa80e0e000 	C:\Windows\System32\DriverStore\FileRepository\iigd_dch.inf_amd64_f6ea1f36cd61d64f\igdgmm64.dll
0x00007ffa44630000 - 0x00007ffa44672000 	C:\Users\Washi\.openjfx\cache\19+11\amd64\glass.dll
0x00007ffa91010000 - 0x00007ffa910ea000 	C:\Windows\System32\COMDLG32.dll
0x00007ffa91c90000 - 0x00007ffa91da4000 	C:\Windows\System32\MSCTF.dll
0x00007ffa80960000 - 0x00007ffa80987000 	C:\Windows\System32\DriverStore\FileRepository\iigd_dch.inf_amd64_f6ea1f36cd61d64f\igdinfo64.dll
0x00007ffa7c800000 - 0x00007ffa80842000 	C:\Windows\System32\DriverStore\FileRepository\iigd_dch.inf_amd64_f6ea1f36cd61d64f\igc64.dll
0x00007ffa83860000 - 0x00007ffa8389b000 	C:\Windows\SYSTEM32\dxcore.dll
0x00007ffa5c630000 - 0x00007ffa5c640000 	C:\Users\Washi\.jdks\openjdk-23\bin\verify.dll
0x00007ffa5c3a0000 - 0x00007ffa5c3b4000 	C:\Users\Washi\.openjfx\cache\19+11\amd64\javafx_font.dll
0x00007ffa5d1e0000 - 0x00007ffa5d45f000 	C:\Windows\SYSTEM32\dwrite.dll
0x00007ffa503c0000 - 0x00007ffa503ed000 	C:\Users\Washi\.openjfx\cache\19+11\amd64\javafx_iio.dll
0x00007ffa91960000 - 0x00007ffa91a09000 	C:\Windows\System32\clbcatq.dll
0x00007ffa868c0000 - 0x00007ffa86a74000 	C:\Windows\SYSTEM32\WindowsCodecs.dll
0x00007ffa6eb30000 - 0x00007ffa6eb6e000 	C:\Windows\system32\dataexchange.dll
0x00007ffa895c0000 - 0x00007ffa897a3000 	C:\Windows\system32\dcomp.dll
0x00007ffa88c20000 - 0x00007ffa88e83000 	C:\Windows\system32\d3d11.dll
0x00007ffa8de00000 - 0x00007ffa8def3000 	C:\Windows\system32\dxgi.dll
0x00007ffa86aa0000 - 0x00007ffa86ca3000 	C:\Windows\system32\twinapi.appcore.dll
0x00007ffa5c470000 - 0x00007ffa5c4a4000 	C:\Program Files\Common Files\Microsoft Shared\Ink\rtscom.dll
0x00007ffa703a0000 - 0x00007ffa70499000 	C:\Windows\SYSTEM32\textinputframework.dll
0x00007ffa89e90000 - 0x00007ffa89f82000 	C:\Windows\System32\CoreMessaging.dll
0x00007ffa89b30000 - 0x00007ffa89e8b000 	C:\Windows\System32\CoreUIComponents.dll

dbghelp: loaded successfully - version: 4.0.5 - missing functions: none
symbol engine: initialized successfully - sym options: 0x614 - pdb path: .;C:\Users\Washi\.jdks\openjdk-23\bin;C:\Windows\SYSTEM32;C:\Windows\WinSxS\amd64_microsoft.windows.common-controls_6595b64144ccf1df_6.0.19041.3636_none_60b6a03d71f818d5;C:\Users\Washi\.jdks\openjdk-23\bin\server;C:\Users\Washi\.openjfx\cache\19+11\amd64;C:\Windows\System32\DriverStore\FileRepository\iigd_dch.inf_amd64_f6ea1f36cd61d64f;C:\Program Files\Common Files\Microsoft Shared\Ink;C:\Windows\WinSxS\amd64_microsoft.windows.gdiplus_6595b64144ccf1df_1.1.19041.3996_none_91a79472cc852ba0

VM Arguments:
jvm_args: -agentlib:jdwp=transport=dt_socket,address=127.0.0.1:53397,suspend=y,server=n -Dfile.encoding=UTF-8 -Dsun.stdout.encoding=UTF-8 -Dsun.stderr.encoding=UTF-8 --module-path=C:\Users\Washi\.m2\repository\org\glassfish\jaxb\txw2\3.0.1\txw2-3.0.1.jar;C:\Users\Washi\.m2\repository\org\glassfish\jaxb\jaxb-core\3.0.1\jaxb-core-3.0.1.jar;C:\Users\Washi\.m2\repository\org\openjfx\javafx-fxml\19\javafx-fxml-19-win.jar;C:\Users\Washi\.m2\repository\org\openjfx\javafx-base\19\javafx-base-19-win.jar;C:\Users\Washi\.m2\repository\org\openjfx\javafx-graphics\19\javafx-graphics-19-win.jar;C:\Users\Washi\.m2\repository\org\glassfish\jaxb\jaxb-runtime\3.0.1\jaxb-runtime-3.0.1.jar;C:\Users\Washi\IdeaProjects\PixelStore2\target\classes;C:\Users\Washi\.m2\repository\com\sun\activation\jakarta.activation\2.0.1\jakarta.activation-2.0.1.jar;C:\Users\Washi\.m2\repository\com\sun\istack\istack-commons-runtime\4.0.1\istack-commons-runtime-4.0.1.jar;C:\Users\Washi\.m2\repository\jakarta\xml\bind\jakarta.xml.bind-api\3.0.1\jakarta.xml.bind-api-3.0.1.jar;C:\Users\Washi\.m2\repository\org\openjfx\javafx-controls\19\javafx-controls-19-win.jar -Djdk.module.main=org.example 
java_command: org.example/org.example.App
java_class_path (initial): C:\Users\Washi\.m2\repository\org\openjfx\javafx-controls\19\javafx-controls-19.jar;C:\Users\Washi\.m2\repository\org\openjfx\javafx-graphics\19\javafx-graphics-19.jar;C:\Users\Washi\.m2\repository\org\openjfx\javafx-base\19\javafx-base-19.jar;C:\Users\Washi\.m2\repository\org\openjfx\javafx-fxml\19\javafx-fxml-19.jar;C:\Users\Washi\.m2\repository\com\mysql\mysql-connector-j\8.0.33\mysql-connector-j-8.0.33.jar;C:\Users\Washi\.m2\repository\com\google\protobuf\protobuf-java\3.21.9\protobuf-java-3.21.9.jar;C:\Users\Washi\.m2\repository\org\eclipse\persistence\org.eclipse.persistence.moxy\2.7.11\org.eclipse.persistence.moxy-2.7.11.jar;C:\Users\Washi\.m2\repository\org\eclipse\persistence\org.eclipse.persistence.core\2.7.11\org.eclipse.persistence.core-2.7.11.jar;C:\Users\Washi\.m2\repository\org\eclipse\persistence\org.eclipse.persistence.asm\9.3.0\org.eclipse.persistence.asm-9.3.0.jar;C:\Users\Washi\.m2\repository\org\codehaus\woodstox\woodstox-core-asl\4.4.1\woodstox-core-asl-4.4.1.jar;C:\Users\Washi\.m2\repository\javax\xml\stream\stax-api\1.0-2\stax-api-1.0-2.jar;C:\Users\Washi\.m2\repository\org\codehaus\woodstox\stax2-api\3.1.4\stax2-api-3.1.4.jar;C:\Program Files\JetBrains\IntelliJ IDEA 2023.2.4\lib\idea_rt.jar
Launcher Type: SUN_STANDARD

[Global flags]
     intx CICompilerCount                          = 3                                         {product} {ergonomic}
     uint ConcGCThreads                            = 1                                         {product} {ergonomic}
     uint G1ConcRefinementThreads                  = 4                                         {product} {ergonomic}
   size_t G1HeapRegionSize                         = 1048576                                   {product} {ergonomic}
   size_t InitialHeapSize                          = 130023424                                 {product} {ergonomic}
   size_t MarkStackSize                            = 4194304                                   {product} {ergonomic}
   size_t MarkStackSizeMax                         = 536870912                                 {product} {ergonomic}
   size_t MaxHeapSize                              = 2067791872                                {product} {ergonomic}
   size_t MaxNewSize                               = 1240465408                                {product} {ergonomic}
   size_t MinHeapDeltaBytes                        = 1048576                                   {product} {ergonomic}
   size_t MinHeapSize                              = 8388608                                   {product} {ergonomic}
    uintx NonNMethodCodeHeapSize                   = 5832704                                {pd product} {ergonomic}
    uintx NonProfiledCodeHeapSize                  = 122945536                              {pd product} {ergonomic}
    uintx ProfiledCodeHeapSize                     = 122880000                              {pd product} {ergonomic}
    uintx ReservedCodeCacheSize                    = 251658240                              {pd product} {ergonomic}
     bool SegmentedCodeCache                       = true                                      {product} {ergonomic}
   size_t SoftMaxHeapSize                          = 2067791872                             {manageable} {ergonomic}
     bool UseCompressedOops                        = true                           {product lp64_product} {ergonomic}
     bool UseG1GC                                  = true                                      {product} {ergonomic}
     bool UseLargePagesIndividualAllocation        = false                                  {pd product} {ergonomic}

Logging:
Log output configuration:
 #0: stdout all=off uptime,level,tags foldmultilines=false
 #1: stderr all=off uptime,level,tags foldmultilines=false

Environment Variables:
PATH=C:\Program Files\Common Files\Oracle\Java\javapath;C:\Python312\Scripts\;C:\Python312\;C:\Windows\system32;C:\Windows;C:\Windows\System32\Wbem;C:\Windows\System32\WindowsPowerShell\v1.0\;C:\Windows\System32\OpenSSH\;C:\Program Files\Java\jdk-21\bin;C:\Program Files\Git\cmd;C:\Program Files\dotnet\;C:\Program Files\nodejs\;C:\ProgramData\chocolatey\bin;C:\Program Files\Docker\Docker\resources\bin;C:\Users\Washi\AppData\Local\Microsoft\WindowsApps;;C:\Users\Washi\AppData\Local\Programs\Microsoft VS Code\bin;C:\Users\Washi\AppData\Local\Microsoft\WinGet\Packages\Schniz.fnm_Microsoft.Winget.Source_8wekyb3d8bbwe;C:\Users\Washi\AppData\Roaming\npm;C:\Users\Washi\.dotnet\tools
USERNAME=Washi
OS=Windows_NT
PROCESSOR_IDENTIFIER=Intel64 Family 6 Model 140 Stepping 1, GenuineIntel
TMP=C:\Users\Washi\AppData\Local\Temp
TEMP=C:\Users\Washi\AppData\Local\Temp




Periodic native trim disabled

---------------  S Y S T E M  ---------------

OS:
 Windows 10 , 64 bit Build 19041 (10.0.19041.3636)
OS uptime: 3 days 22:02 hours
Hyper-V role detected

CPU: total 4 (initial active 4) (2 cores per cpu, 2 threads per core) family 6 model 140 stepping 1 microcode 0xa4, cx8, cmov, fxsr, ht, mmx, 3dnowpref, sse, sse2, sse3, ssse3, sse4.1, sse4.2, popcnt, lzcnt, tsc, tscinvbit, avx, avx2, aes, erms, clmul, bmi1, bmi2, adx, avx512f, avx512dq, avx512cd, avx512bw, avx512vl, sha, fma, vzeroupper, avx512_vpopcntdq, avx512_vpclmulqdq, avx512_vaes, avx512_vnni, clflush, clflushopt, clwb, avx512_vbmi2, avx512_vbmi, hv, rdtscp, rdpid, fsrm, gfni, avx512_bitalg, f16c, cet_ibt, cet_ss, avx512_ifma
Processor Information for the first 4 processors :
  Max Mhz: 2995, Current Mhz: 2995, Mhz Limit: 2995

Memory: 4k page, system-wide physical 7886M (368M free)
TotalPageFile size 17424M (AvailPageFile size 5927M)
current process WorkingSet (physical memory assigned to process): 272M, peak: 289M
current process commit charge ("private bytes"): 289M, peak: 326M

vm_info: OpenJDK 64-Bit Server VM (23+37-2369) for windows-amd64 JRE (23+37-2369), built on 2024-08-20T16:01:23Z with MS VC++ 17.6 (VS2022)

END.
